2024-11-06T20:13:19.876+05:30  INFO 9048 --- [SCM] [restartedMain] com.project.scm.ScmApplication           : Starting ScmApplication using Java 23.0.1 with PID 9048 (C:\codes\Code with Durgesh\SCM\target\classes started by anura in C:\codes\Code with Durgesh\SCM)
2024-11-06T20:13:19.894+05:30 DEBUG 9048 --- [SCM] [restartedMain] com.project.scm.ScmApplication           : Running with Spring Boot v3.3.5, Spring v6.1.14
2024-11-06T20:13:19.901+05:30  INFO 9048 --- [SCM] [restartedMain] com.project.scm.ScmApplication           : No active profile set, falling back to 1 default profile: "default"
2024-11-06T20:13:20.204+05:30  INFO 9048 --- [SCM] [restartedMain] .e.DevToolsPropertyDefaultsPostProcessor : Devtools property defaults active! Set 'spring.devtools.add-properties' to 'false' to disable
2024-11-06T20:13:20.205+05:30  INFO 9048 --- [SCM] [restartedMain] .e.DevToolsPropertyDefaultsPostProcessor : For additional web related logging consider setting the 'logging.level.web' property to 'DEBUG'
2024-11-06T20:13:24.016+05:30  INFO 9048 --- [SCM] [restartedMain] .s.d.r.c.RepositoryConfigurationDelegate : Multiple Spring Data modules found, entering strict repository configuration mode
2024-11-06T20:13:24.019+05:30  INFO 9048 --- [SCM] [restartedMain] .s.d.r.c.RepositoryConfigurationDelegate : Bootstrapping Spring Data JPA repositories in DEFAULT mode.
2024-11-06T20:13:24.386+05:30  INFO 9048 --- [SCM] [restartedMain] .s.d.r.c.RepositoryConfigurationDelegate : Finished Spring Data repository scanning in 353 ms. Found 2 JPA repository interfaces.
2024-11-06T20:13:24.426+05:30  INFO 9048 --- [SCM] [restartedMain] .s.d.r.c.RepositoryConfigurationDelegate : Multiple Spring Data modules found, entering strict repository configuration mode
2024-11-06T20:13:24.429+05:30  INFO 9048 --- [SCM] [restartedMain] .s.d.r.c.RepositoryConfigurationDelegate : Bootstrapping Spring Data Redis repositories in DEFAULT mode.
2024-11-06T20:13:24.464+05:30  INFO 9048 --- [SCM] [restartedMain] .RepositoryConfigurationExtensionSupport : Spring Data Redis - Could not safely identify store assignment for repository candidate interface com.project.scm.repositories.ContactRepository; If you want this repository to be a Redis repository, consider annotating your entities with one of these annotations: org.springframework.data.redis.core.RedisHash (preferred), or consider extending one of the following types with your repository: org.springframework.data.keyvalue.repository.KeyValueRepository
2024-11-06T20:13:24.466+05:30  INFO 9048 --- [SCM] [restartedMain] .RepositoryConfigurationExtensionSupport : Spring Data Redis - Could not safely identify store assignment for repository candidate interface com.project.scm.repositories.UserRepository; If you want this repository to be a Redis repository, consider annotating your entities with one of these annotations: org.springframework.data.redis.core.RedisHash (preferred), or consider extending one of the following types with your repository: org.springframework.data.keyvalue.repository.KeyValueRepository
2024-11-06T20:13:24.466+05:30  INFO 9048 --- [SCM] [restartedMain] .s.d.r.c.RepositoryConfigurationDelegate : Finished Spring Data repository scanning in 13 ms. Found 0 Redis repository interfaces.
2024-11-06T20:13:25.679+05:30  INFO 9048 --- [SCM] [restartedMain] o.s.b.w.embedded.tomcat.TomcatWebServer  : Tomcat initialized with port 8081 (http)
2024-11-06T20:13:25.713+05:30  INFO 9048 --- [SCM] [restartedMain] o.apache.catalina.core.StandardService   : Starting service [Tomcat]
2024-11-06T20:13:25.714+05:30  INFO 9048 --- [SCM] [restartedMain] o.apache.catalina.core.StandardEngine    : Starting Servlet engine: [Apache Tomcat/10.1.31]
2024-11-06T20:13:25.809+05:30  INFO 9048 --- [SCM] [restartedMain] o.a.c.c.C.[Tomcat].[localhost].[/]       : Initializing Spring embedded WebApplicationContext
2024-11-06T20:13:25.809+05:30  INFO 9048 --- [SCM] [restartedMain] w.s.c.ServletWebServerApplicationContext : Root WebApplicationContext: initialization completed in 5550 ms
2024-11-06T20:13:26.546+05:30  INFO 9048 --- [SCM] [restartedMain] o.hibernate.jpa.internal.util.LogHelper  : HHH000204: Processing PersistenceUnitInfo [name: default]
2024-11-06T20:13:26.682+05:30  INFO 9048 --- [SCM] [restartedMain] org.hibernate.Version                    : HHH000412: Hibernate ORM core version 6.5.3.Final
2024-11-06T20:13:26.744+05:30  INFO 9048 --- [SCM] [restartedMain] o.h.c.internal.RegionFactoryInitiator    : HHH000026: Second-level cache disabled
2024-11-06T20:13:27.346+05:30  INFO 9048 --- [SCM] [restartedMain] o.s.o.j.p.SpringPersistenceUnitInfo      : No LoadTimeWeaver setup: ignoring JPA class transformer
2024-11-06T20:13:27.414+05:30  INFO 9048 --- [SCM] [restartedMain] com.zaxxer.hikari.HikariDataSource       : HikariPool-1 - Starting...
2024-11-06T20:13:28.455+05:30  INFO 9048 --- [SCM] [restartedMain] com.zaxxer.hikari.pool.HikariPool        : HikariPool-1 - Added connection com.mysql.cj.jdbc.ConnectionImpl@dfc4354
2024-11-06T20:13:28.458+05:30  INFO 9048 --- [SCM] [restartedMain] com.zaxxer.hikari.HikariDataSource       : HikariPool-1 - Start completed.
2024-11-06T20:13:30.546+05:30  INFO 9048 --- [SCM] [restartedMain] o.h.e.t.j.p.i.JtaPlatformInitiator       : HHH000489: No JTA platform available (set 'hibernate.transaction.jta.platform' to enable JTA platform integration)
2024-11-06T20:13:30.950+05:30  INFO 9048 --- [SCM] [restartedMain] j.LocalContainerEntityManagerFactoryBean : Initialized JPA EntityManagerFactory for persistence unit 'default'
2024-11-06T20:13:31.555+05:30  INFO 9048 --- [SCM] [restartedMain] o.s.d.j.r.query.QueryEnhancerFactory     : Hibernate is in classpath; If applicable, HQL parser will be used.
2024-11-06T20:13:32.394+05:30  WARN 9048 --- [SCM] [restartedMain] JpaBaseConfiguration$JpaWebConfiguration : spring.jpa.open-in-view is enabled by default. Therefore, database queries may be performed during view rendering. Explicitly configure spring.jpa.open-in-view to disable this warning
2024-11-06T20:13:32.494+05:30  INFO 9048 --- [SCM] [restartedMain] eAuthenticationProviderManagerConfigurer : Global AuthenticationManager configured with AuthenticationProvider bean with name authenticationProvider
2024-11-06T20:13:32.496+05:30  WARN 9048 --- [SCM] [restartedMain] r$InitializeUserDetailsManagerConfigurer : Global AuthenticationManager configured with an AuthenticationProvider bean. UserDetailsService beans will not be used for username/password login. Consider removing the AuthenticationProvider bean. Alternatively, consider using the UserDetailsService in a manually instantiated DaoAuthenticationProvider.
2024-11-06T20:13:32.572+05:30  INFO 9048 --- [SCM] [restartedMain] com.project.scm.config.SecurityConfig    : Setting up CSRF token repository
2024-11-06T20:13:32.962+05:30 DEBUG 9048 --- [SCM] [restartedMain] o.s.s.web.DefaultSecurityFilterChain     : Will secure any request with filters: DisableEncodeUrlFilter, WebAsyncManagerIntegrationFilter, SecurityContextHolderFilter, HeaderWriterFilter, CsrfFilter, LogoutFilter, OAuth2AuthorizationRequestRedirectFilter, OAuth2LoginAuthenticationFilter, UsernamePasswordAuthenticationFilter, RequestCacheAwareFilter, SecurityContextHolderAwareRequestFilter, AnonymousAuthenticationFilter, ExceptionTranslationFilter, AuthorizationFilter
2024-11-06T20:13:33.584+05:30  INFO 9048 --- [SCM] [restartedMain] o.s.b.d.a.OptionalLiveReloadServer       : LiveReload server is running on port 35729
2024-11-06T20:13:33.646+05:30  INFO 9048 --- [SCM] [restartedMain] o.s.b.w.embedded.tomcat.TomcatWebServer  : Tomcat started on port 8081 (http) with context path '/'
2024-11-06T20:13:33.656+05:30  INFO 9048 --- [SCM] [restartedMain] com.project.scm.ScmApplication           : Started ScmApplication in 14.873 seconds (process running for 18.49)
2024-11-06T20:13:46.211+05:30  INFO 9048 --- [SCM] [File Watcher] rtingClassPathChangeChangedEventListener : Restarting due to 37 class path changes (0 additions, 36 deletions, 1 modification)
2024-11-06T20:13:46.266+05:30  INFO 9048 --- [SCM] [Thread-5] j.LocalContainerEntityManagerFactoryBean : Closing JPA EntityManagerFactory for persistence unit 'default'
2024-11-06T20:13:46.275+05:30  INFO 9048 --- [SCM] [Thread-5] com.zaxxer.hikari.HikariDataSource       : HikariPool-1 - Shutdown initiated...
2024-11-06T20:13:46.301+05:30  INFO 9048 --- [SCM] [Thread-5] com.zaxxer.hikari.HikariDataSource       : HikariPool-1 - Shutdown completed.
2024-11-06T20:13:46.571+05:30  INFO 9048 --- [SCM] [restartedMain] com.project.scm.ScmApplication           : Starting ScmApplication using Java 23.0.1 with PID 9048 (C:\codes\Code with Durgesh\SCM\target\classes started by anura in C:\codes\Code with Durgesh\SCM)
2024-11-06T20:13:46.572+05:30 DEBUG 9048 --- [SCM] [restartedMain] com.project.scm.ScmApplication           : Running with Spring Boot v3.3.5, Spring v6.1.14
2024-11-06T20:13:46.573+05:30  INFO 9048 --- [SCM] [restartedMain] com.project.scm.ScmApplication           : No active profile set, falling back to 1 default profile: "default"
2024-11-06T20:13:48.174+05:30  INFO 9048 --- [SCM] [restartedMain] .s.d.r.c.RepositoryConfigurationDelegate : Multiple Spring Data modules found, entering strict repository configuration mode
2024-11-06T20:13:48.176+05:30  INFO 9048 --- [SCM] [restartedMain] .s.d.r.c.RepositoryConfigurationDelegate : Bootstrapping Spring Data JPA repositories in DEFAULT mode.
2024-11-06T20:13:48.178+05:30  INFO 9048 --- [SCM] [restartedMain] .s.d.r.c.RepositoryConfigurationDelegate : Finished Spring Data repository scanning in 1 ms. Found 0 JPA repository interfaces.
2024-11-06T20:13:48.188+05:30  INFO 9048 --- [SCM] [restartedMain] .s.d.r.c.RepositoryConfigurationDelegate : Multiple Spring Data modules found, entering strict repository configuration mode
2024-11-06T20:13:48.189+05:30  INFO 9048 --- [SCM] [restartedMain] .s.d.r.c.RepositoryConfigurationDelegate : Bootstrapping Spring Data Redis repositories in DEFAULT mode.
2024-11-06T20:13:48.190+05:30  INFO 9048 --- [SCM] [restartedMain] .s.d.r.c.RepositoryConfigurationDelegate : Finished Spring Data repository scanning in 0 ms. Found 0 Redis repository interfaces.
2024-11-06T20:13:55.140+05:30  INFO 9048 --- [SCM] [restartedMain] o.s.b.w.embedded.tomcat.TomcatWebServer  : Tomcat initialized with port 8081 (http)
2024-11-06T20:13:55.142+05:30  INFO 9048 --- [SCM] [restartedMain] o.apache.catalina.core.StandardService   : Starting service [Tomcat]
2024-11-06T20:13:55.143+05:30  INFO 9048 --- [SCM] [restartedMain] o.apache.catalina.core.StandardEngine    : Starting Servlet engine: [Apache Tomcat/10.1.31]
2024-11-06T20:13:55.226+05:30  INFO 9048 --- [SCM] [restartedMain] o.a.c.c.C.[Tomcat].[localhost].[/]       : Initializing Spring embedded WebApplicationContext
2024-11-06T20:13:55.227+05:30  INFO 9048 --- [SCM] [restartedMain] w.s.c.ServletWebServerApplicationContext : Root WebApplicationContext: initialization completed in 8641 ms
2024-11-06T20:13:55.702+05:30  INFO 9048 --- [SCM] [restartedMain] o.hibernate.jpa.internal.util.LogHelper  : HHH000204: Processing PersistenceUnitInfo [name: default]
2024-11-06T20:13:55.708+05:30  INFO 9048 --- [SCM] [restartedMain] o.h.c.internal.RegionFactoryInitiator    : HHH000026: Second-level cache disabled
2024-11-06T20:13:56.483+05:30  INFO 9048 --- [SCM] [restartedMain] o.s.o.j.p.SpringPersistenceUnitInfo      : No LoadTimeWeaver setup: ignoring JPA class transformer
2024-11-06T20:13:56.486+05:30  INFO 9048 --- [SCM] [restartedMain] com.zaxxer.hikari.HikariDataSource       : HikariPool-2 - Starting...
2024-11-06T20:13:56.528+05:30  INFO 9048 --- [SCM] [restartedMain] com.zaxxer.hikari.pool.HikariPool        : HikariPool-2 - Added connection com.mysql.cj.jdbc.ConnectionImpl@4e30e82d
2024-11-06T20:13:56.528+05:30  INFO 9048 --- [SCM] [restartedMain] com.zaxxer.hikari.HikariDataSource       : HikariPool-2 - Start completed.
2024-11-06T20:13:56.591+05:30  INFO 9048 --- [SCM] [restartedMain] o.h.e.t.j.p.i.JtaPlatformInitiator       : HHH000489: No JTA platform available (set 'hibernate.transaction.jta.platform' to enable JTA platform integration)
2024-11-06T20:13:56.608+05:30  INFO 9048 --- [SCM] [restartedMain] j.LocalContainerEntityManagerFactoryBean : Initialized JPA EntityManagerFactory for persistence unit 'default'
2024-11-06T20:13:57.106+05:30  WARN 9048 --- [SCM] [restartedMain] JpaBaseConfiguration$JpaWebConfiguration : spring.jpa.open-in-view is enabled by default. Therefore, database queries may be performed during view rendering. Explicitly configure spring.jpa.open-in-view to disable this warning
2024-11-06T20:13:58.886+05:30 DEBUG 9048 --- [SCM] [restartedMain] swordEncoderAuthenticationManagerBuilder : No authenticationProviders and no parentAuthenticationManager defined. Returning null.
2024-11-06T20:13:59.008+05:30 DEBUG 9048 --- [SCM] [restartedMain] o.s.s.web.DefaultSecurityFilterChain     : Will secure any request with filters: DisableEncodeUrlFilter, WebAsyncManagerIntegrationFilter, SecurityContextHolderFilter, HeaderWriterFilter, CsrfFilter, LogoutFilter, OAuth2AuthorizationRequestRedirectFilter, OAuth2AuthorizationRequestRedirectFilter, OAuth2LoginAuthenticationFilter, DefaultLoginPageGeneratingFilter, DefaultLogoutPageGeneratingFilter, RequestCacheAwareFilter, SecurityContextHolderAwareRequestFilter, AnonymousAuthenticationFilter, OAuth2AuthorizationCodeGrantFilter, ExceptionTranslationFilter, AuthorizationFilter
2024-11-06T20:13:59.103+05:30  INFO 9048 --- [SCM] [restartedMain] o.s.b.d.a.OptionalLiveReloadServer       : LiveReload server is running on port 35729
2024-11-06T20:13:59.171+05:30  INFO 9048 --- [SCM] [restartedMain] o.s.b.w.embedded.tomcat.TomcatWebServer  : Tomcat started on port 8081 (http) with context path '/'
2024-11-06T20:13:59.178+05:30  INFO 9048 --- [SCM] [restartedMain] com.project.scm.ScmApplication           : Started ScmApplication in 12.679 seconds (process running for 44.012)
2024-11-06T20:13:59.190+05:30  INFO 9048 --- [SCM] [restartedMain] .ConditionEvaluationDeltaLoggingListener : Condition evaluation delta:


==========================
CONDITION EVALUATION DELTA
==========================


Positive matches:
-----------------

   OAuth2WebSecurityConfiguration.OAuth2SecurityFilterChainConfiguration matched:
      - AllNestedConditions 2 matched 0 did not; NestedCondition on DefaultWebSecurityCondition.Beans @ConditionalOnMissingBean (types: org.springframework.security.web.SecurityFilterChain; SearchStrategy: all) did not find any beans; NestedCondition on DefaultWebSecurityCondition.Classes @ConditionalOnClass found required classes 'org.springframework.security.web.SecurityFilterChain', 'org.springframework.security.config.annotation.web.builders.HttpSecurity' (DefaultWebSecurityCondition)


Negative matches:
-----------------

    None


Exclusions:
-----------

    None


Unconditional classes:
----------------------

    None



2024-11-06T20:13:59.595+05:30  INFO 9048 --- [SCM] [http-nio-8081-exec-1] o.a.c.c.C.[Tomcat].[localhost].[/]       : Initializing Spring DispatcherServlet 'dispatcherServlet'
2024-11-06T20:13:59.595+05:30  INFO 9048 --- [SCM] [http-nio-8081-exec-1] o.s.web.servlet.DispatcherServlet        : Initializing Servlet 'dispatcherServlet'
2024-11-06T20:13:59.608+05:30  INFO 9048 --- [SCM] [http-nio-8081-exec-1] o.s.web.servlet.DispatcherServlet        : Completed initialization in 2 ms
2024-11-06T20:13:59.660+05:30 DEBUG 9048 --- [SCM] [http-nio-8081-exec-1] o.s.security.web.FilterChainProxy        : Securing GET /home
2024-11-06T20:13:59.687+05:30 DEBUG 9048 --- [SCM] [http-nio-8081-exec-1] o.s.s.w.a.AnonymousAuthenticationFilter  : Set SecurityContextHolder to anonymous SecurityContext
2024-11-06T20:13:59.792+05:30 DEBUG 9048 --- [SCM] [http-nio-8081-exec-1] o.s.s.w.s.HttpSessionRequestCache        : Saved request http://localhost:8081/home?continue to session
2024-11-06T20:13:59.794+05:30 DEBUG 9048 --- [SCM] [http-nio-8081-exec-1] o.s.s.web.DefaultRedirectStrategy        : Redirecting to http://localhost:8081/login
2024-11-06T20:13:59.814+05:30 DEBUG 9048 --- [SCM] [http-nio-8081-exec-3] o.s.security.web.FilterChainProxy        : Securing GET /login
2024-11-06T20:14:00.858+05:30 DEBUG 9048 --- [SCM] [http-nio-8081-exec-4] o.s.security.web.FilterChainProxy        : Securing GET /favicon.ico
2024-11-06T20:14:00.858+05:30 DEBUG 9048 --- [SCM] [http-nio-8081-exec-4] o.s.s.w.a.AnonymousAuthenticationFilter  : Set SecurityContextHolder to anonymous SecurityContext
2024-11-06T20:14:00.859+05:30 DEBUG 9048 --- [SCM] [http-nio-8081-exec-4] o.s.s.web.DefaultRedirectStrategy        : Redirecting to http://localhost:8081/login
2024-11-06T20:14:00.956+05:30 DEBUG 9048 --- [SCM] [http-nio-8081-exec-5] o.s.security.web.FilterChainProxy        : Securing GET /login
2024-11-06T20:14:03.213+05:30 DEBUG 9048 --- [SCM] [http-nio-8081-exec-6] o.s.security.web.FilterChainProxy        : Securing GET /login
2024-11-06T20:14:03.276+05:30 DEBUG 9048 --- [SCM] [http-nio-8081-exec-7] o.s.security.web.FilterChainProxy        : Securing GET /favicon.ico
2024-11-06T20:14:03.277+05:30 DEBUG 9048 --- [SCM] [http-nio-8081-exec-7] o.s.s.w.a.AnonymousAuthenticationFilter  : Set SecurityContextHolder to anonymous SecurityContext
2024-11-06T20:14:03.278+05:30 DEBUG 9048 --- [SCM] [http-nio-8081-exec-7] o.s.s.web.DefaultRedirectStrategy        : Redirecting to http://localhost:8081/login
2024-11-06T20:14:03.287+05:30 DEBUG 9048 --- [SCM] [http-nio-8081-exec-8] o.s.security.web.FilterChainProxy        : Securing GET /login
2024-11-06T20:14:04.083+05:30 DEBUG 9048 --- [SCM] [http-nio-8081-exec-9] o.s.security.web.FilterChainProxy        : Securing GET /login
2024-11-06T20:14:04.141+05:30 DEBUG 9048 --- [SCM] [http-nio-8081-exec-10] o.s.security.web.FilterChainProxy        : Securing GET /favicon.ico
2024-11-06T20:14:04.142+05:30 DEBUG 9048 --- [SCM] [http-nio-8081-exec-10] o.s.s.w.a.AnonymousAuthenticationFilter  : Set SecurityContextHolder to anonymous SecurityContext
2024-11-06T20:14:04.142+05:30 DEBUG 9048 --- [SCM] [http-nio-8081-exec-10] o.s.s.web.DefaultRedirectStrategy        : Redirecting to http://localhost:8081/login
2024-11-06T20:14:04.147+05:30 DEBUG 9048 --- [SCM] [http-nio-8081-exec-2] o.s.security.web.FilterChainProxy        : Securing GET /login
2024-11-06T20:14:12.778+05:30  INFO 9048 --- [SCM] [File Watcher] rtingClassPathChangeChangedEventListener : Restarting due to 2 class path changes (2 additions, 0 deletions, 0 modifications)
2024-11-06T20:14:12.850+05:30  INFO 9048 --- [SCM] [Thread-7] j.LocalContainerEntityManagerFactoryBean : Closing JPA EntityManagerFactory for persistence unit 'default'
2024-11-06T20:14:12.852+05:30  INFO 9048 --- [SCM] [Thread-7] com.zaxxer.hikari.HikariDataSource       : HikariPool-2 - Shutdown initiated...
2024-11-06T20:14:13.227+05:30  INFO 9048 --- [SCM] [Thread-7] com.zaxxer.hikari.HikariDataSource       : HikariPool-2 - Shutdown completed.
2024-11-06T20:14:15.502+05:30  INFO 9048 --- [SCM] [restartedMain] com.project.scm.ScmApplication           : Starting ScmApplication using Java 23.0.1 with PID 9048 (C:\codes\Code with Durgesh\SCM\target\classes started by anura in C:\codes\Code with Durgesh\SCM)
2024-11-06T20:14:15.502+05:30 DEBUG 9048 --- [SCM] [restartedMain] com.project.scm.ScmApplication           : Running with Spring Boot v3.3.5, Spring v6.1.14
2024-11-06T20:14:15.502+05:30  INFO 9048 --- [SCM] [restartedMain] com.project.scm.ScmApplication           : No active profile set, falling back to 1 default profile: "default"
2024-11-06T20:14:16.196+05:30  INFO 9048 --- [SCM] [restartedMain] .s.d.r.c.RepositoryConfigurationDelegate : Multiple Spring Data modules found, entering strict repository configuration mode
2024-11-06T20:14:16.196+05:30  INFO 9048 --- [SCM] [restartedMain] .s.d.r.c.RepositoryConfigurationDelegate : Bootstrapping Spring Data JPA repositories in DEFAULT mode.
2024-11-06T20:14:16.204+05:30  WARN 9048 --- [SCM] [restartedMain] ConfigServletWebServerApplicationContext : Exception encountered during context initialization - cancelling refresh attempt: org.springframework.beans.factory.BeanDefinitionStoreException: Failed to read candidate component class: file [C:\codes\Code with Durgesh\SCM\target\classes\com\project\scm\services\SecurityCustomUserDetailService.class]
2024-11-06T20:14:16.212+05:30  INFO 9048 --- [SCM] [restartedMain] .s.b.a.l.ConditionEvaluationReportLogger : 

Error starting ApplicationContext. To display the condition evaluation report re-run your application with 'debug' enabled.
2024-11-06T20:14:16.262+05:30 ERROR 9048 --- [SCM] [restartedMain] o.s.boot.SpringApplication               : Application run failed

org.springframework.beans.factory.BeanDefinitionStoreException: Failed to read candidate component class: file [C:\codes\Code with Durgesh\SCM\target\classes\com\project\scm\services\SecurityCustomUserDetailService.class]
	at org.springframework.context.annotation.ClassPathScanningCandidateComponentProvider.scanCandidateComponents(ClassPathScanningCandidateComponentProvider.java:510) ~[spring-context-6.1.14.jar:6.1.14]
	at org.springframework.context.annotation.ClassPathScanningCandidateComponentProvider.findCandidateComponents(ClassPathScanningCandidateComponentProvider.java:351) ~[spring-context-6.1.14.jar:6.1.14]
	at org.springframework.data.repository.config.RepositoryComponentProvider.findCandidateComponents(RepositoryComponentProvider.java:119) ~[spring-data-commons-3.3.5.jar:3.3.5]
	at org.springframework.data.repository.config.RepositoryConfigurationSourceSupport.lambda$getCandidates$0(RepositoryConfigurationSourceSupport.java:76) ~[spring-data-commons-3.3.5.jar:3.3.5]
	at java.base/java.util.stream.ReferencePipeline$7$1FlatMap.accept(ReferencePipeline.java:289) ~[na:na]
	at java.base/java.util.Spliterators$IteratorSpliterator.tryAdvance(Spliterators.java:1950) ~[na:na]
	at java.base/java.util.stream.StreamSpliterators$WrappingSpliterator.lambda$initPartialTraversalState$0(StreamSpliterators.java:297) ~[na:na]
	at java.base/java.util.stream.StreamSpliterators$AbstractWrappingSpliterator.fillBuffer(StreamSpliterators.java:206) ~[na:na]
	at java.base/java.util.stream.StreamSpliterators$AbstractWrappingSpliterator.doAdvance(StreamSpliterators.java:161) ~[na:na]
	at java.base/java.util.stream.StreamSpliterators$WrappingSpliterator.tryAdvance(StreamSpliterators.java:303) ~[na:na]
	at java.base/java.util.Spliterators$1Adapter.hasNext(Spliterators.java:681) ~[na:na]
	at org.springframework.data.repository.config.RepositoryConfigurationExtensionSupport.getRepositoryConfigurations(RepositoryConfigurationExtensionSupport.java:81) ~[spring-data-commons-3.3.5.jar:3.3.5]
	at org.springframework.data.repository.config.RepositoryConfigurationDelegate.registerRepositoriesIn(RepositoryConfigurationDelegate.java:168) ~[spring-data-commons-3.3.5.jar:3.3.5]
	at org.springframework.boot.autoconfigure.data.AbstractRepositoryConfigurationSourceSupport.registerBeanDefinitions(AbstractRepositoryConfigurationSourceSupport.java:62) ~[spring-boot-autoconfigure-3.3.5.jar:3.3.5]
	at org.springframework.context.annotation.ConfigurationClassBeanDefinitionReader.lambda$loadBeanDefinitionsFromRegistrars$1(ConfigurationClassBeanDefinitionReader.java:376) ~[spring-context-6.1.14.jar:6.1.14]
	at java.base/java.util.LinkedHashMap.forEach(LinkedHashMap.java:987) ~[na:na]
	at org.springframework.context.annotation.ConfigurationClassBeanDefinitionReader.loadBeanDefinitionsFromRegistrars(ConfigurationClassBeanDefinitionReader.java:375) ~[spring-context-6.1.14.jar:6.1.14]
	at org.springframework.context.annotation.ConfigurationClassBeanDefinitionReader.loadBeanDefinitionsForConfigurationClass(ConfigurationClassBeanDefinitionReader.java:148) ~[spring-context-6.1.14.jar:6.1.14]
	at org.springframework.context.annotation.ConfigurationClassBeanDefinitionReader.loadBeanDefinitions(ConfigurationClassBeanDefinitionReader.java:120) ~[spring-context-6.1.14.jar:6.1.14]
	at org.springframework.context.annotation.ConfigurationClassPostProcessor.processConfigBeanDefinitions(ConfigurationClassPostProcessor.java:429) ~[spring-context-6.1.14.jar:6.1.14]
	at org.springframework.context.annotation.ConfigurationClassPostProcessor.postProcessBeanDefinitionRegistry(ConfigurationClassPostProcessor.java:290) ~[spring-context-6.1.14.jar:6.1.14]
	at org.springframework.context.support.PostProcessorRegistrationDelegate.invokeBeanDefinitionRegistryPostProcessors(PostProcessorRegistrationDelegate.java:349) ~[spring-context-6.1.14.jar:6.1.14]
	at org.springframework.context.support.PostProcessorRegistrationDelegate.invokeBeanFactoryPostProcessors(PostProcessorRegistrationDelegate.java:118) ~[spring-context-6.1.14.jar:6.1.14]
	at org.springframework.context.support.AbstractApplicationContext.invokeBeanFactoryPostProcessors(AbstractApplicationContext.java:789) ~[spring-context-6.1.14.jar:6.1.14]
	at org.springframework.context.support.AbstractApplicationContext.refresh(AbstractApplicationContext.java:607) ~[spring-context-6.1.14.jar:6.1.14]
	at org.springframework.boot.web.servlet.context.ServletWebServerApplicationContext.refresh(ServletWebServerApplicationContext.java:146) ~[spring-boot-3.3.5.jar:3.3.5]
	at org.springframework.boot.SpringApplication.refresh(SpringApplication.java:754) ~[spring-boot-3.3.5.jar:3.3.5]
	at org.springframework.boot.SpringApplication.refreshContext(SpringApplication.java:456) ~[spring-boot-3.3.5.jar:3.3.5]
	at org.springframework.boot.SpringApplication.run(SpringApplication.java:335) ~[spring-boot-3.3.5.jar:3.3.5]
	at org.springframework.boot.SpringApplication.run(SpringApplication.java:1363) ~[spring-boot-3.3.5.jar:3.3.5]
	at org.springframework.boot.SpringApplication.run(SpringApplication.java:1352) ~[spring-boot-3.3.5.jar:3.3.5]
	at com.project.scm.ScmApplication.main(ScmApplication.java:12) ~[classes/:na]
	at java.base/jdk.internal.reflect.DirectMethodHandleAccessor.invoke(DirectMethodHandleAccessor.java:103) ~[na:na]
	at java.base/java.lang.reflect.Method.invoke(Method.java:580) ~[na:na]
	at org.springframework.boot.devtools.restart.RestartLauncher.run(RestartLauncher.java:50) ~[spring-boot-devtools-3.3.5.jar:3.3.5]
Caused by: java.lang.ArrayIndexOutOfBoundsException: Index 6 out of bounds for length 0
	at org.springframework.asm.ClassReader.readShort(ClassReader.java:3627) ~[spring-core-6.1.14.jar:6.1.14]
	at org.springframework.asm.ClassReader.<init>(ClassReader.java:197) ~[spring-core-6.1.14.jar:6.1.14]
	at org.springframework.asm.ClassReader.<init>(ClassReader.java:180) ~[spring-core-6.1.14.jar:6.1.14]
	at org.springframework.asm.ClassReader.<init>(ClassReader.java:166) ~[spring-core-6.1.14.jar:6.1.14]
	at org.springframework.asm.ClassReader.<init>(ClassReader.java:287) ~[spring-core-6.1.14.jar:6.1.14]
	at org.springframework.core.type.classreading.SimpleMetadataReader.getClassReader(SimpleMetadataReader.java:56) ~[spring-core-6.1.14.jar:6.1.14]
	at org.springframework.core.type.classreading.SimpleMetadataReader.<init>(SimpleMetadataReader.java:48) ~[spring-core-6.1.14.jar:6.1.14]
	at org.springframework.core.type.classreading.SimpleMetadataReaderFactory.getMetadataReader(SimpleMetadataReaderFactory.java:103) ~[spring-core-6.1.14.jar:6.1.14]
	at org.springframework.core.type.classreading.CachingMetadataReaderFactory.getMetadataReader(CachingMetadataReaderFactory.java:122) ~[spring-core-6.1.14.jar:6.1.14]
	at org.springframework.context.annotation.ClassPathScanningCandidateComponentProvider.scanCandidateComponents(ClassPathScanningCandidateComponentProvider.java:470) ~[spring-context-6.1.14.jar:6.1.14]
	... 34 common frames omitted

2024-11-06T20:14:20.392+05:30  INFO 9048 --- [SCM] [restartedMain] com.project.scm.ScmApplication           : Starting ScmApplication using Java 23.0.1 with PID 9048 (C:\codes\Code with Durgesh\SCM\target\classes started by anura in C:\codes\Code with Durgesh\SCM)
2024-11-06T20:14:20.392+05:30 DEBUG 9048 --- [SCM] [restartedMain] com.project.scm.ScmApplication           : Running with Spring Boot v3.3.5, Spring v6.1.14
2024-11-06T20:14:20.392+05:30  INFO 9048 --- [SCM] [restartedMain] com.project.scm.ScmApplication           : No active profile set, falling back to 1 default profile: "default"
2024-11-06T20:14:21.223+05:30  INFO 9048 --- [SCM] [restartedMain] .s.d.r.c.RepositoryConfigurationDelegate : Multiple Spring Data modules found, entering strict repository configuration mode
2024-11-06T20:14:21.224+05:30  INFO 9048 --- [SCM] [restartedMain] .s.d.r.c.RepositoryConfigurationDelegate : Bootstrapping Spring Data JPA repositories in DEFAULT mode.
2024-11-06T20:14:21.284+05:30  INFO 9048 --- [SCM] [restartedMain] .s.d.r.c.RepositoryConfigurationDelegate : Finished Spring Data repository scanning in 59 ms. Found 2 JPA repository interfaces.
2024-11-06T20:14:21.302+05:30  INFO 9048 --- [SCM] [restartedMain] .s.d.r.c.RepositoryConfigurationDelegate : Multiple Spring Data modules found, entering strict repository configuration mode
2024-11-06T20:14:21.303+05:30  INFO 9048 --- [SCM] [restartedMain] .s.d.r.c.RepositoryConfigurationDelegate : Bootstrapping Spring Data Redis repositories in DEFAULT mode.
2024-11-06T20:14:21.312+05:30  INFO 9048 --- [SCM] [restartedMain] .RepositoryConfigurationExtensionSupport : Spring Data Redis - Could not safely identify store assignment for repository candidate interface com.project.scm.repositories.ContactRepository; If you want this repository to be a Redis repository, consider annotating your entities with one of these annotations: org.springframework.data.redis.core.RedisHash (preferred), or consider extending one of the following types with your repository: org.springframework.data.keyvalue.repository.KeyValueRepository
2024-11-06T20:14:21.315+05:30  INFO 9048 --- [SCM] [restartedMain] .RepositoryConfigurationExtensionSupport : Spring Data Redis - Could not safely identify store assignment for repository candidate interface com.project.scm.repositories.UserRepository; If you want this repository to be a Redis repository, consider annotating your entities with one of these annotations: org.springframework.data.redis.core.RedisHash (preferred), or consider extending one of the following types with your repository: org.springframework.data.keyvalue.repository.KeyValueRepository
2024-11-06T20:14:21.316+05:30  INFO 9048 --- [SCM] [restartedMain] .s.d.r.c.RepositoryConfigurationDelegate : Finished Spring Data repository scanning in 12 ms. Found 0 Redis repository interfaces.
2024-11-06T20:14:21.700+05:30  INFO 9048 --- [SCM] [restartedMain] o.s.b.w.embedded.tomcat.TomcatWebServer  : Tomcat initialized with port 8081 (http)
2024-11-06T20:14:21.701+05:30  INFO 9048 --- [SCM] [restartedMain] o.apache.catalina.core.StandardService   : Starting service [Tomcat]
2024-11-06T20:14:21.703+05:30  INFO 9048 --- [SCM] [restartedMain] o.apache.catalina.core.StandardEngine    : Starting Servlet engine: [Apache Tomcat/10.1.31]
2024-11-06T20:14:21.793+05:30  INFO 9048 --- [SCM] [restartedMain] o.a.c.c.C.[Tomcat].[localhost].[/]       : Initializing Spring embedded WebApplicationContext
2024-11-06T20:14:21.796+05:30  INFO 9048 --- [SCM] [restartedMain] w.s.c.ServletWebServerApplicationContext : Root WebApplicationContext: initialization completed in 1399 ms
2024-11-06T20:14:21.956+05:30  INFO 9048 --- [SCM] [restartedMain] o.hibernate.jpa.internal.util.LogHelper  : HHH000204: Processing PersistenceUnitInfo [name: default]
2024-11-06T20:14:21.962+05:30  INFO 9048 --- [SCM] [restartedMain] o.h.c.internal.RegionFactoryInitiator    : HHH000026: Second-level cache disabled
2024-11-06T20:14:21.978+05:30  INFO 9048 --- [SCM] [restartedMain] o.s.o.j.p.SpringPersistenceUnitInfo      : No LoadTimeWeaver setup: ignoring JPA class transformer
2024-11-06T20:14:21.980+05:30  INFO 9048 --- [SCM] [restartedMain] com.zaxxer.hikari.HikariDataSource       : HikariPool-3 - Starting...
2024-11-06T20:14:22.023+05:30  INFO 9048 --- [SCM] [restartedMain] com.zaxxer.hikari.pool.HikariPool        : HikariPool-3 - Added connection com.mysql.cj.jdbc.ConnectionImpl@6a829182
2024-11-06T20:14:22.023+05:30  INFO 9048 --- [SCM] [restartedMain] com.zaxxer.hikari.HikariDataSource       : HikariPool-3 - Start completed.
2024-11-06T20:14:22.372+05:30  INFO 9048 --- [SCM] [restartedMain] o.h.e.t.j.p.i.JtaPlatformInitiator       : HHH000489: No JTA platform available (set 'hibernate.transaction.jta.platform' to enable JTA platform integration)
2024-11-06T20:14:22.498+05:30  INFO 9048 --- [SCM] [restartedMain] j.LocalContainerEntityManagerFactoryBean : Initialized JPA EntityManagerFactory for persistence unit 'default'
2024-11-06T20:14:22.915+05:30  WARN 9048 --- [SCM] [restartedMain] JpaBaseConfiguration$JpaWebConfiguration : spring.jpa.open-in-view is enabled by default. Therefore, database queries may be performed during view rendering. Explicitly configure spring.jpa.open-in-view to disable this warning
2024-11-06T20:14:22.968+05:30  INFO 9048 --- [SCM] [restartedMain] eAuthenticationProviderManagerConfigurer : Global AuthenticationManager configured with AuthenticationProvider bean with name authenticationProvider
2024-11-06T20:14:22.969+05:30  WARN 9048 --- [SCM] [restartedMain] r$InitializeUserDetailsManagerConfigurer : Global AuthenticationManager configured with an AuthenticationProvider bean. UserDetailsService beans will not be used for username/password login. Consider removing the AuthenticationProvider bean. Alternatively, consider using the UserDetailsService in a manually instantiated DaoAuthenticationProvider.
2024-11-06T20:14:22.976+05:30  INFO 9048 --- [SCM] [restartedMain] com.project.scm.config.SecurityConfig    : Setting up CSRF token repository
2024-11-06T20:14:23.228+05:30 DEBUG 9048 --- [SCM] [restartedMain] o.s.s.web.DefaultSecurityFilterChain     : Will secure any request with filters: DisableEncodeUrlFilter, WebAsyncManagerIntegrationFilter, SecurityContextHolderFilter, HeaderWriterFilter, CsrfFilter, LogoutFilter, OAuth2AuthorizationRequestRedirectFilter, OAuth2LoginAuthenticationFilter, UsernamePasswordAuthenticationFilter, RequestCacheAwareFilter, SecurityContextHolderAwareRequestFilter, AnonymousAuthenticationFilter, ExceptionTranslationFilter, AuthorizationFilter
2024-11-06T20:14:23.622+05:30  INFO 9048 --- [SCM] [restartedMain] o.s.b.d.a.OptionalLiveReloadServer       : LiveReload server is running on port 35729
2024-11-06T20:14:23.654+05:30  INFO 9048 --- [SCM] [restartedMain] o.s.b.w.embedded.tomcat.TomcatWebServer  : Tomcat started on port 8081 (http) with context path '/'
2024-11-06T20:14:23.662+05:30  INFO 9048 --- [SCM] [restartedMain] com.project.scm.ScmApplication           : Started ScmApplication in 3.334 seconds (process running for 68.495)
2024-11-06T20:14:23.668+05:30  INFO 9048 --- [SCM] [restartedMain] .ConditionEvaluationDeltaLoggingListener : Condition evaluation delta:


==========================
CONDITION EVALUATION DELTA
==========================


Positive matches:
-----------------

    None


Negative matches:
-----------------

   OAuth2WebSecurityConfiguration.OAuth2SecurityFilterChainConfiguration:
      Did not match:
         - AllNestedConditions 1 matched 1 did not; NestedCondition on DefaultWebSecurityCondition.Beans @ConditionalOnMissingBean (types: org.springframework.security.web.SecurityFilterChain; SearchStrategy: all) found beans of type 'org.springframework.security.web.SecurityFilterChain' securityFilterChain; NestedCondition on DefaultWebSecurityCondition.Classes @ConditionalOnClass found required classes 'org.springframework.security.web.SecurityFilterChain', 'org.springframework.security.config.annotation.web.builders.HttpSecurity' (DefaultWebSecurityCondition)


Exclusions:
-----------

    None


Unconditional classes:
----------------------

    None



2024-11-06T20:14:47.272+05:30  INFO 9048 --- [SCM] [http-nio-8081-exec-1] o.a.c.c.C.[Tomcat].[localhost].[/]       : Initializing Spring DispatcherServlet 'dispatcherServlet'
2024-11-06T20:14:47.275+05:30  INFO 9048 --- [SCM] [http-nio-8081-exec-1] o.s.web.servlet.DispatcherServlet        : Initializing Servlet 'dispatcherServlet'
2024-11-06T20:14:47.279+05:30  INFO 9048 --- [SCM] [http-nio-8081-exec-1] o.s.web.servlet.DispatcherServlet        : Completed initialization in 3 ms
2024-11-06T20:14:47.300+05:30 DEBUG 9048 --- [SCM] [http-nio-8081-exec-1] o.s.security.web.FilterChainProxy        : Securing GET /home
2024-11-06T20:14:47.309+05:30 DEBUG 9048 --- [SCM] [http-nio-8081-exec-1] o.s.security.web.FilterChainProxy        : Secured GET /home
2024-11-06T20:14:47.405+05:30 DEBUG 9048 --- [SCM] [http-nio-8081-exec-1] o.s.s.w.a.AnonymousAuthenticationFilter  : Set SecurityContextHolder to anonymous SecurityContext
2024-11-06T20:14:50.564+05:30 DEBUG 9048 --- [SCM] [http-nio-8081-exec-2] o.s.security.web.FilterChainProxy        : Securing GET /css/output.css
2024-11-06T20:14:50.564+05:30 DEBUG 9048 --- [SCM] [http-nio-8081-exec-3] o.s.security.web.FilterChainProxy        : Securing GET /images/phone_logo.png
2024-11-06T20:14:50.567+05:30 DEBUG 9048 --- [SCM] [http-nio-8081-exec-2] o.s.security.web.FilterChainProxy        : Secured GET /css/output.css
2024-11-06T20:14:50.567+05:30 DEBUG 9048 --- [SCM] [http-nio-8081-exec-3] o.s.security.web.FilterChainProxy        : Secured GET /images/phone_logo.png
2024-11-06T20:14:50.588+05:30 DEBUG 9048 --- [SCM] [http-nio-8081-exec-2] o.s.s.w.a.AnonymousAuthenticationFilter  : Set SecurityContextHolder to anonymous SecurityContext
2024-11-06T20:14:50.588+05:30 DEBUG 9048 --- [SCM] [http-nio-8081-exec-3] o.s.s.w.a.AnonymousAuthenticationFilter  : Set SecurityContextHolder to anonymous SecurityContext
2024-11-06T20:14:50.605+05:30 DEBUG 9048 --- [SCM] [http-nio-8081-exec-4] o.s.security.web.FilterChainProxy        : Securing GET /js/script.js
2024-11-06T20:14:50.606+05:30 DEBUG 9048 --- [SCM] [http-nio-8081-exec-4] o.s.security.web.FilterChainProxy        : Secured GET /js/script.js
2024-11-06T20:14:50.655+05:30 DEBUG 9048 --- [SCM] [http-nio-8081-exec-4] o.s.s.w.a.AnonymousAuthenticationFilter  : Set SecurityContextHolder to anonymous SecurityContext
2024-11-06T20:14:50.658+05:30 DEBUG 9048 --- [SCM] [http-nio-8081-exec-5] o.s.security.web.FilterChainProxy        : Securing GET /src/main/resources/static/js/script.js
2024-11-06T20:14:50.658+05:30 DEBUG 9048 --- [SCM] [http-nio-8081-exec-5] o.s.security.web.FilterChainProxy        : Secured GET /src/main/resources/static/js/script.js
2024-11-06T20:14:50.664+05:30 DEBUG 9048 --- [SCM] [http-nio-8081-exec-5] o.s.s.w.a.AnonymousAuthenticationFilter  : Set SecurityContextHolder to anonymous SecurityContext
2024-11-06T20:14:50.682+05:30 DEBUG 9048 --- [SCM] [http-nio-8081-exec-5] o.s.security.web.FilterChainProxy        : Securing GET /error
2024-11-06T20:14:50.683+05:30 DEBUG 9048 --- [SCM] [http-nio-8081-exec-5] o.s.security.web.FilterChainProxy        : Secured GET /error
2024-11-06T20:14:50.685+05:30 DEBUG 9048 --- [SCM] [http-nio-8081-exec-5] o.s.s.w.a.AnonymousAuthenticationFilter  : Set SecurityContextHolder to anonymous SecurityContext
2024-11-06T20:14:51.304+05:30 DEBUG 9048 --- [SCM] [http-nio-8081-exec-6] o.s.security.web.FilterChainProxy        : Securing GET /favicon.ico
2024-11-06T20:14:51.304+05:30 DEBUG 9048 --- [SCM] [http-nio-8081-exec-6] o.s.security.web.FilterChainProxy        : Secured GET /favicon.ico
2024-11-06T20:14:51.308+05:30 DEBUG 9048 --- [SCM] [http-nio-8081-exec-6] o.s.s.w.a.AnonymousAuthenticationFilter  : Set SecurityContextHolder to anonymous SecurityContext
2024-11-06T20:14:51.309+05:30 DEBUG 9048 --- [SCM] [http-nio-8081-exec-6] o.s.security.web.FilterChainProxy        : Securing GET /error
2024-11-06T20:14:51.309+05:30 DEBUG 9048 --- [SCM] [http-nio-8081-exec-6] o.s.security.web.FilterChainProxy        : Secured GET /error
2024-11-06T20:14:51.310+05:30 DEBUG 9048 --- [SCM] [http-nio-8081-exec-6] o.s.s.w.a.AnonymousAuthenticationFilter  : Set SecurityContextHolder to anonymous SecurityContext
2024-11-06T20:14:53.993+05:30 DEBUG 9048 --- [SCM] [http-nio-8081-exec-7] o.s.security.web.FilterChainProxy        : Securing GET /about
2024-11-06T20:14:53.995+05:30 DEBUG 9048 --- [SCM] [http-nio-8081-exec-7] o.s.security.web.FilterChainProxy        : Secured GET /about
2024-11-06T20:14:53.997+05:30 DEBUG 9048 --- [SCM] [http-nio-8081-exec-7] o.s.s.w.a.AnonymousAuthenticationFilter  : Set SecurityContextHolder to anonymous SecurityContext
2024-11-06T20:14:54.035+05:30 DEBUG 9048 --- [SCM] [http-nio-8081-exec-8] o.s.security.web.FilterChainProxy        : Securing GET /css/output.css
2024-11-06T20:14:54.036+05:30 DEBUG 9048 --- [SCM] [http-nio-8081-exec-8] o.s.security.web.FilterChainProxy        : Secured GET /css/output.css
2024-11-06T20:14:54.040+05:30 DEBUG 9048 --- [SCM] [http-nio-8081-exec-8] o.s.s.w.a.AnonymousAuthenticationFilter  : Set SecurityContextHolder to anonymous SecurityContext
2024-11-06T20:14:54.049+05:30 DEBUG 9048 --- [SCM] [http-nio-8081-exec-10] o.s.security.web.FilterChainProxy        : Securing GET /js/script.js
2024-11-06T20:14:54.049+05:30 DEBUG 9048 --- [SCM] [http-nio-8081-exec-10] o.s.security.web.FilterChainProxy        : Secured GET /js/script.js
2024-11-06T20:14:54.049+05:30 DEBUG 9048 --- [SCM] [http-nio-8081-exec-1] o.s.security.web.FilterChainProxy        : Securing GET /src/main/resources/static/js/script.js
2024-11-06T20:14:54.050+05:30 DEBUG 9048 --- [SCM] [http-nio-8081-exec-1] o.s.security.web.FilterChainProxy        : Secured GET /src/main/resources/static/js/script.js
2024-11-06T20:14:54.052+05:30 DEBUG 9048 --- [SCM] [http-nio-8081-exec-1] o.s.s.w.a.AnonymousAuthenticationFilter  : Set SecurityContextHolder to anonymous SecurityContext
2024-11-06T20:14:54.056+05:30 DEBUG 9048 --- [SCM] [http-nio-8081-exec-10] o.s.s.w.a.AnonymousAuthenticationFilter  : Set SecurityContextHolder to anonymous SecurityContext
2024-11-06T20:14:54.057+05:30 DEBUG 9048 --- [SCM] [http-nio-8081-exec-1] o.s.security.web.FilterChainProxy        : Securing GET /error
2024-11-06T20:14:54.057+05:30 DEBUG 9048 --- [SCM] [http-nio-8081-exec-9] o.s.security.web.FilterChainProxy        : Securing GET /images/phone_logo.png
2024-11-06T20:14:54.057+05:30 DEBUG 9048 --- [SCM] [http-nio-8081-exec-1] o.s.security.web.FilterChainProxy        : Secured GET /error
2024-11-06T20:14:54.057+05:30 DEBUG 9048 --- [SCM] [http-nio-8081-exec-9] o.s.security.web.FilterChainProxy        : Secured GET /images/phone_logo.png
2024-11-06T20:14:54.058+05:30 DEBUG 9048 --- [SCM] [http-nio-8081-exec-1] o.s.s.w.a.AnonymousAuthenticationFilter  : Set SecurityContextHolder to anonymous SecurityContext
2024-11-06T20:14:54.071+05:30 DEBUG 9048 --- [SCM] [http-nio-8081-exec-9] o.s.s.w.a.AnonymousAuthenticationFilter  : Set SecurityContextHolder to anonymous SecurityContext
2024-11-06T20:14:54.985+05:30 DEBUG 9048 --- [SCM] [http-nio-8081-exec-5] o.s.security.web.FilterChainProxy        : Securing GET /services
2024-11-06T20:14:54.986+05:30 DEBUG 9048 --- [SCM] [http-nio-8081-exec-5] o.s.security.web.FilterChainProxy        : Secured GET /services
2024-11-06T20:14:54.986+05:30 DEBUG 9048 --- [SCM] [http-nio-8081-exec-5] o.s.s.w.a.AnonymousAuthenticationFilter  : Set SecurityContextHolder to anonymous SecurityContext
2024-11-06T20:14:55.043+05:30 DEBUG 9048 --- [SCM] [http-nio-8081-exec-6] o.s.security.web.FilterChainProxy        : Securing GET /css/output.css
2024-11-06T20:14:55.043+05:30 DEBUG 9048 --- [SCM] [http-nio-8081-exec-6] o.s.security.web.FilterChainProxy        : Secured GET /css/output.css
2024-11-06T20:14:55.044+05:30 DEBUG 9048 --- [SCM] [http-nio-8081-exec-8] o.s.security.web.FilterChainProxy        : Securing GET /js/script.js
2024-11-06T20:14:55.044+05:30 DEBUG 9048 --- [SCM] [http-nio-8081-exec-8] o.s.security.web.FilterChainProxy        : Secured GET /js/script.js
2024-11-06T20:14:55.046+05:30 DEBUG 9048 --- [SCM] [http-nio-8081-exec-10] o.s.security.web.FilterChainProxy        : Securing GET /src/main/resources/static/js/script.js
2024-11-06T20:14:55.048+05:30 DEBUG 9048 --- [SCM] [http-nio-8081-exec-6] o.s.s.w.a.AnonymousAuthenticationFilter  : Set SecurityContextHolder to anonymous SecurityContext
2024-11-06T20:14:55.049+05:30 DEBUG 9048 --- [SCM] [http-nio-8081-exec-8] o.s.s.w.a.AnonymousAuthenticationFilter  : Set SecurityContextHolder to anonymous SecurityContext
2024-11-06T20:14:55.044+05:30 DEBUG 9048 --- [SCM] [http-nio-8081-exec-7] o.s.security.web.FilterChainProxy        : Securing GET /images/phone_logo.png
2024-11-06T20:14:55.050+05:30 DEBUG 9048 --- [SCM] [http-nio-8081-exec-10] o.s.security.web.FilterChainProxy        : Secured GET /src/main/resources/static/js/script.js
2024-11-06T20:14:55.051+05:30 DEBUG 9048 --- [SCM] [http-nio-8081-exec-7] o.s.security.web.FilterChainProxy        : Secured GET /images/phone_logo.png
2024-11-06T20:14:55.054+05:30 DEBUG 9048 --- [SCM] [http-nio-8081-exec-10] o.s.s.w.a.AnonymousAuthenticationFilter  : Set SecurityContextHolder to anonymous SecurityContext
2024-11-06T20:14:55.055+05:30 DEBUG 9048 --- [SCM] [http-nio-8081-exec-10] o.s.security.web.FilterChainProxy        : Securing GET /error
2024-11-06T20:14:55.056+05:30 DEBUG 9048 --- [SCM] [http-nio-8081-exec-10] o.s.security.web.FilterChainProxy        : Secured GET /error
2024-11-06T20:14:55.059+05:30 DEBUG 9048 --- [SCM] [http-nio-8081-exec-10] o.s.s.w.a.AnonymousAuthenticationFilter  : Set SecurityContextHolder to anonymous SecurityContext
2024-11-06T20:14:55.060+05:30 DEBUG 9048 --- [SCM] [http-nio-8081-exec-7] o.s.s.w.a.AnonymousAuthenticationFilter  : Set SecurityContextHolder to anonymous SecurityContext
2024-11-06T20:14:55.959+05:30 DEBUG 9048 --- [SCM] [http-nio-8081-exec-1] o.s.security.web.FilterChainProxy        : Securing GET /contact
2024-11-06T20:14:55.959+05:30 DEBUG 9048 --- [SCM] [http-nio-8081-exec-1] o.s.security.web.FilterChainProxy        : Secured GET /contact
2024-11-06T20:14:55.960+05:30 DEBUG 9048 --- [SCM] [http-nio-8081-exec-1] o.s.s.w.a.AnonymousAuthenticationFilter  : Set SecurityContextHolder to anonymous SecurityContext
2024-11-06T20:14:56.010+05:30 DEBUG 9048 --- [SCM] [http-nio-8081-exec-9] o.s.security.web.FilterChainProxy        : Securing GET /css/output.css
2024-11-06T20:14:56.011+05:30 DEBUG 9048 --- [SCM] [http-nio-8081-exec-9] o.s.security.web.FilterChainProxy        : Secured GET /css/output.css
2024-11-06T20:14:56.011+05:30 DEBUG 9048 --- [SCM] [http-nio-8081-exec-3] o.s.security.web.FilterChainProxy        : Securing GET /images/phone_logo.png
2024-11-06T20:14:56.011+05:30 DEBUG 9048 --- [SCM] [http-nio-8081-exec-3] o.s.security.web.FilterChainProxy        : Secured GET /images/phone_logo.png
2024-11-06T20:14:56.016+05:30 DEBUG 9048 --- [SCM] [http-nio-8081-exec-9] o.s.s.w.a.AnonymousAuthenticationFilter  : Set SecurityContextHolder to anonymous SecurityContext
2024-11-06T20:14:56.018+05:30 DEBUG 9048 --- [SCM] [http-nio-8081-exec-4] o.s.security.web.FilterChainProxy        : Securing GET /js/script.js
2024-11-06T20:14:56.018+05:30 DEBUG 9048 --- [SCM] [http-nio-8081-exec-4] o.s.security.web.FilterChainProxy        : Secured GET /js/script.js
2024-11-06T20:14:56.021+05:30 DEBUG 9048 --- [SCM] [http-nio-8081-exec-3] o.s.s.w.a.AnonymousAuthenticationFilter  : Set SecurityContextHolder to anonymous SecurityContext
2024-11-06T20:14:56.022+05:30 DEBUG 9048 --- [SCM] [http-nio-8081-exec-4] o.s.s.w.a.AnonymousAuthenticationFilter  : Set SecurityContextHolder to anonymous SecurityContext
2024-11-06T20:14:56.031+05:30 DEBUG 9048 --- [SCM] [http-nio-8081-exec-2] o.s.security.web.FilterChainProxy        : Securing GET /src/main/resources/static/js/script.js
2024-11-06T20:14:56.032+05:30 DEBUG 9048 --- [SCM] [http-nio-8081-exec-2] o.s.security.web.FilterChainProxy        : Secured GET /src/main/resources/static/js/script.js
2024-11-06T20:14:56.040+05:30 DEBUG 9048 --- [SCM] [http-nio-8081-exec-2] o.s.s.w.a.AnonymousAuthenticationFilter  : Set SecurityContextHolder to anonymous SecurityContext
2024-11-06T20:14:56.041+05:30 DEBUG 9048 --- [SCM] [http-nio-8081-exec-2] o.s.security.web.FilterChainProxy        : Securing GET /error
2024-11-06T20:14:56.042+05:30 DEBUG 9048 --- [SCM] [http-nio-8081-exec-2] o.s.security.web.FilterChainProxy        : Secured GET /error
2024-11-06T20:14:56.043+05:30 DEBUG 9048 --- [SCM] [http-nio-8081-exec-2] o.s.s.w.a.AnonymousAuthenticationFilter  : Set SecurityContextHolder to anonymous SecurityContext
2024-11-06T20:14:57.927+05:30 DEBUG 9048 --- [SCM] [http-nio-8081-exec-5] o.s.security.web.FilterChainProxy        : Securing GET /login
2024-11-06T20:14:57.928+05:30 DEBUG 9048 --- [SCM] [http-nio-8081-exec-5] o.s.security.web.FilterChainProxy        : Secured GET /login
2024-11-06T20:14:57.932+05:30 DEBUG 9048 --- [SCM] [http-nio-8081-exec-5] o.s.s.w.a.AnonymousAuthenticationFilter  : Set SecurityContextHolder to anonymous SecurityContext
2024-11-06T20:14:58.162+05:30 DEBUG 9048 --- [SCM] [http-nio-8081-exec-6] o.s.security.web.FilterChainProxy        : Securing GET /css/output.css
2024-11-06T20:14:58.163+05:30 DEBUG 9048 --- [SCM] [http-nio-8081-exec-6] o.s.security.web.FilterChainProxy        : Secured GET /css/output.css
2024-11-06T20:14:58.165+05:30 DEBUG 9048 --- [SCM] [http-nio-8081-exec-8] o.s.security.web.FilterChainProxy        : Securing GET /images/phone_logo.png
2024-11-06T20:14:58.166+05:30 DEBUG 9048 --- [SCM] [http-nio-8081-exec-8] o.s.security.web.FilterChainProxy        : Secured GET /images/phone_logo.png
2024-11-06T20:14:58.171+05:30 DEBUG 9048 --- [SCM] [http-nio-8081-exec-6] o.s.s.w.a.AnonymousAuthenticationFilter  : Set SecurityContextHolder to anonymous SecurityContext
2024-11-06T20:14:58.176+05:30 DEBUG 9048 --- [SCM] [http-nio-8081-exec-7] o.s.security.web.FilterChainProxy        : Securing GET /js/script.js
2024-11-06T20:14:58.177+05:30 DEBUG 9048 --- [SCM] [http-nio-8081-exec-8] o.s.s.w.a.AnonymousAuthenticationFilter  : Set SecurityContextHolder to anonymous SecurityContext
2024-11-06T20:14:58.179+05:30 DEBUG 9048 --- [SCM] [http-nio-8081-exec-7] o.s.security.web.FilterChainProxy        : Secured GET /js/script.js
2024-11-06T20:14:58.181+05:30 DEBUG 9048 --- [SCM] [http-nio-8081-exec-10] o.s.security.web.FilterChainProxy        : Securing GET /src/main/resources/static/js/script.js
2024-11-06T20:14:58.182+05:30 DEBUG 9048 --- [SCM] [http-nio-8081-exec-10] o.s.security.web.FilterChainProxy        : Secured GET /src/main/resources/static/js/script.js
2024-11-06T20:14:58.184+05:30 DEBUG 9048 --- [SCM] [http-nio-8081-exec-7] o.s.s.w.a.AnonymousAuthenticationFilter  : Set SecurityContextHolder to anonymous SecurityContext
2024-11-06T20:14:58.186+05:30 DEBUG 9048 --- [SCM] [http-nio-8081-exec-10] o.s.s.w.a.AnonymousAuthenticationFilter  : Set SecurityContextHolder to anonymous SecurityContext
2024-11-06T20:14:58.187+05:30 DEBUG 9048 --- [SCM] [http-nio-8081-exec-10] o.s.security.web.FilterChainProxy        : Securing GET /error
2024-11-06T20:14:58.188+05:30 DEBUG 9048 --- [SCM] [http-nio-8081-exec-10] o.s.security.web.FilterChainProxy        : Secured GET /error
2024-11-06T20:14:58.188+05:30 DEBUG 9048 --- [SCM] [http-nio-8081-exec-10] o.s.s.w.a.AnonymousAuthenticationFilter  : Set SecurityContextHolder to anonymous SecurityContext
2024-11-06T20:15:06.081+05:30 DEBUG 9048 --- [SCM] [http-nio-8081-exec-4] o.s.security.web.FilterChainProxy        : Securing POST /authenticate
2024-11-06T20:15:06.799+05:30 DEBUG 9048 --- [SCM] [http-nio-8081-exec-4] o.s.s.a.dao.DaoAuthenticationProvider    : Authenticated user
2024-11-06T20:15:06.801+05:30 DEBUG 9048 --- [SCM] [http-nio-8081-exec-4] .s.ChangeSessionIdAuthenticationStrategy : Changed session id from D07DCECE583490662545FCA928711AE1
2024-11-06T20:15:06.803+05:30 DEBUG 9048 --- [SCM] [http-nio-8081-exec-4] o.s.s.w.csrf.CsrfAuthenticationStrategy  : Replaced CSRF Token
2024-11-06T20:15:06.804+05:30 DEBUG 9048 --- [SCM] [http-nio-8081-exec-4] w.c.HttpSessionSecurityContextRepository : Stored SecurityContextImpl [Authentication=UsernamePasswordAuthenticationToken [Principal=com.project.scm.models.User@2cc358e, Credentials=[PROTECTED], Authenticated=true, Details=WebAuthenticationDetails [RemoteIpAddress=0:0:0:0:0:0:0:1, SessionId=D07DCECE583490662545FCA928711AE1], Granted Authorities=[ROLE_USER]]] to HttpSession [org.apache.catalina.session.StandardSessionFacade@e9c97bd]
2024-11-06T20:15:06.804+05:30 DEBUG 9048 --- [SCM] [http-nio-8081-exec-4] w.a.UsernamePasswordAuthenticationFilter : Set SecurityContextHolder to UsernamePasswordAuthenticationToken [Principal=com.project.scm.models.User@2cc358e, Credentials=[PROTECTED], Authenticated=true, Details=WebAuthenticationDetails [RemoteIpAddress=0:0:0:0:0:0:0:1, SessionId=D07DCECE583490662545FCA928711AE1], Granted Authorities=[ROLE_USER]]
2024-11-06T20:15:06.805+05:30 DEBUG 9048 --- [SCM] [http-nio-8081-exec-4] o.s.s.web.DefaultRedirectStrategy        : Redirecting to http://localhost:8081/home?continue
2024-11-06T20:15:06.815+05:30 DEBUG 9048 --- [SCM] [http-nio-8081-exec-2] o.s.security.web.FilterChainProxy        : Securing GET /home?continue
2024-11-06T20:15:06.826+05:30 DEBUG 9048 --- [SCM] [http-nio-8081-exec-2] o.s.s.w.s.HttpSessionRequestCache        : Loaded matching saved request http://localhost:8081/home?continue
2024-11-06T20:15:06.829+05:30 DEBUG 9048 --- [SCM] [http-nio-8081-exec-2] o.s.security.web.FilterChainProxy        : Secured GET /home?continue
2024-11-06T20:15:06.830+05:30 DEBUG 9048 --- [SCM] [http-nio-8081-exec-2] w.c.HttpSessionSecurityContextRepository : Retrieved SecurityContextImpl [Authentication=UsernamePasswordAuthenticationToken [Principal=com.project.scm.models.User@2cc358e, Credentials=[PROTECTED], Authenticated=true, Details=WebAuthenticationDetails [RemoteIpAddress=0:0:0:0:0:0:0:1, SessionId=D07DCECE583490662545FCA928711AE1], Granted Authorities=[ROLE_USER]]]
2024-11-06T20:15:06.832+05:30  INFO 9048 --- [SCM] [http-nio-8081-exec-2] c.project.scm.controller.RootController  : User profile request received abc@abc.com
2024-11-06T20:15:07.470+05:30  INFO 9048 --- [SCM] [http-nio-8081-exec-2] c.project.scm.controller.RootController  : User profile request received abc
2024-11-06T20:15:07.470+05:30  INFO 9048 --- [SCM] [http-nio-8081-exec-2] c.project.scm.controller.RootController  : User profile request received abc@abc.com
2024-11-06T20:15:07.548+05:30 DEBUG 9048 --- [SCM] [http-nio-8081-exec-7] o.s.security.web.FilterChainProxy        : Securing GET /src/main/resources/static/js/script.js
2024-11-06T20:15:07.548+05:30 DEBUG 9048 --- [SCM] [http-nio-8081-exec-6] o.s.security.web.FilterChainProxy        : Securing GET /images/phone_logo.png
2024-11-06T20:15:07.549+05:30 DEBUG 9048 --- [SCM] [http-nio-8081-exec-6] o.s.security.web.FilterChainProxy        : Secured GET /images/phone_logo.png
2024-11-06T20:15:07.548+05:30 DEBUG 9048 --- [SCM] [http-nio-8081-exec-5] o.s.security.web.FilterChainProxy        : Securing GET /css/output.css
2024-11-06T20:15:07.551+05:30 DEBUG 9048 --- [SCM] [http-nio-8081-exec-5] o.s.security.web.FilterChainProxy        : Secured GET /css/output.css
2024-11-06T20:15:07.552+05:30 DEBUG 9048 --- [SCM] [http-nio-8081-exec-7] o.s.security.web.FilterChainProxy        : Secured GET /src/main/resources/static/js/script.js
2024-11-06T20:15:07.553+05:30 DEBUG 9048 --- [SCM] [http-nio-8081-exec-8] o.s.security.web.FilterChainProxy        : Securing GET /js/script.js
2024-11-06T20:15:07.558+05:30 DEBUG 9048 --- [SCM] [http-nio-8081-exec-7] w.c.HttpSessionSecurityContextRepository : Retrieved SecurityContextImpl [Authentication=UsernamePasswordAuthenticationToken [Principal=com.project.scm.models.User@2cc358e, Credentials=[PROTECTED], Authenticated=true, Details=WebAuthenticationDetails [RemoteIpAddress=0:0:0:0:0:0:0:1, SessionId=D07DCECE583490662545FCA928711AE1], Granted Authorities=[ROLE_USER]]]
2024-11-06T20:15:07.560+05:30 DEBUG 9048 --- [SCM] [http-nio-8081-exec-7] o.s.security.web.FilterChainProxy        : Securing GET /error
2024-11-06T20:15:07.560+05:30 DEBUG 9048 --- [SCM] [http-nio-8081-exec-5] w.c.HttpSessionSecurityContextRepository : Retrieved SecurityContextImpl [Authentication=UsernamePasswordAuthenticationToken [Principal=com.project.scm.models.User@2cc358e, Credentials=[PROTECTED], Authenticated=true, Details=WebAuthenticationDetails [RemoteIpAddress=0:0:0:0:0:0:0:1, SessionId=D07DCECE583490662545FCA928711AE1], Granted Authorities=[ROLE_USER]]]
2024-11-06T20:15:07.561+05:30 DEBUG 9048 --- [SCM] [http-nio-8081-exec-7] o.s.security.web.FilterChainProxy        : Secured GET /error
2024-11-06T20:15:07.561+05:30 DEBUG 9048 --- [SCM] [http-nio-8081-exec-8] o.s.security.web.FilterChainProxy        : Secured GET /js/script.js
2024-11-06T20:15:07.562+05:30 DEBUG 9048 --- [SCM] [http-nio-8081-exec-7] w.c.HttpSessionSecurityContextRepository : Retrieved SecurityContextImpl [Authentication=UsernamePasswordAuthenticationToken [Principal=com.project.scm.models.User@2cc358e, Credentials=[PROTECTED], Authenticated=true, Details=WebAuthenticationDetails [RemoteIpAddress=0:0:0:0:0:0:0:1, SessionId=D07DCECE583490662545FCA928711AE1], Granted Authorities=[ROLE_USER]]]
2024-11-06T20:15:07.563+05:30  INFO 9048 --- [SCM] [http-nio-8081-exec-7] c.project.scm.controller.RootController  : User profile request received abc@abc.com
2024-11-06T20:15:07.558+05:30 DEBUG 9048 --- [SCM] [http-nio-8081-exec-6] w.c.HttpSessionSecurityContextRepository : Retrieved SecurityContextImpl [Authentication=UsernamePasswordAuthenticationToken [Principal=com.project.scm.models.User@2cc358e, Credentials=[PROTECTED], Authenticated=true, Details=WebAuthenticationDetails [RemoteIpAddress=0:0:0:0:0:0:0:1, SessionId=D07DCECE583490662545FCA928711AE1], Granted Authorities=[ROLE_USER]]]
2024-11-06T20:15:07.566+05:30 DEBUG 9048 --- [SCM] [http-nio-8081-exec-8] w.c.HttpSessionSecurityContextRepository : Retrieved SecurityContextImpl [Authentication=UsernamePasswordAuthenticationToken [Principal=com.project.scm.models.User@2cc358e, Credentials=[PROTECTED], Authenticated=true, Details=WebAuthenticationDetails [RemoteIpAddress=0:0:0:0:0:0:0:1, SessionId=D07DCECE583490662545FCA928711AE1], Granted Authorities=[ROLE_USER]]]
2024-11-06T20:15:07.567+05:30  INFO 9048 --- [SCM] [http-nio-8081-exec-7] c.project.scm.controller.RootController  : User profile request received abc
2024-11-06T20:15:07.567+05:30  INFO 9048 --- [SCM] [http-nio-8081-exec-7] c.project.scm.controller.RootController  : User profile request received abc@abc.com
2024-11-06T20:15:10.992+05:30 DEBUG 9048 --- [SCM] [http-nio-8081-exec-10] o.s.security.web.FilterChainProxy        : Securing GET /about
2024-11-06T20:15:10.993+05:30 DEBUG 9048 --- [SCM] [http-nio-8081-exec-10] o.s.security.web.FilterChainProxy        : Secured GET /about
2024-11-06T20:15:10.996+05:30 DEBUG 9048 --- [SCM] [http-nio-8081-exec-10] w.c.HttpSessionSecurityContextRepository : Retrieved SecurityContextImpl [Authentication=UsernamePasswordAuthenticationToken [Principal=com.project.scm.models.User@2cc358e, Credentials=[PROTECTED], Authenticated=true, Details=WebAuthenticationDetails [RemoteIpAddress=0:0:0:0:0:0:0:1, SessionId=D07DCECE583490662545FCA928711AE1], Granted Authorities=[ROLE_USER]]]
2024-11-06T20:15:10.996+05:30  INFO 9048 --- [SCM] [http-nio-8081-exec-10] c.project.scm.controller.RootController  : User profile request received abc@abc.com
2024-11-06T20:15:10.998+05:30  INFO 9048 --- [SCM] [http-nio-8081-exec-10] c.project.scm.controller.RootController  : User profile request received abc
2024-11-06T20:15:10.998+05:30  INFO 9048 --- [SCM] [http-nio-8081-exec-10] c.project.scm.controller.RootController  : User profile request received abc@abc.com
2024-11-06T20:15:11.047+05:30 DEBUG 9048 --- [SCM] [http-nio-8081-exec-3] o.s.security.web.FilterChainProxy        : Securing GET /css/output.css
2024-11-06T20:15:11.047+05:30 DEBUG 9048 --- [SCM] [http-nio-8081-exec-3] o.s.security.web.FilterChainProxy        : Secured GET /css/output.css
2024-11-06T20:15:11.047+05:30 DEBUG 9048 --- [SCM] [http-nio-8081-exec-9] o.s.security.web.FilterChainProxy        : Securing GET /js/script.js
2024-11-06T20:15:11.047+05:30 DEBUG 9048 --- [SCM] [http-nio-8081-exec-4] o.s.security.web.FilterChainProxy        : Securing GET /src/main/resources/static/js/script.js
2024-11-06T20:15:11.047+05:30 DEBUG 9048 --- [SCM] [http-nio-8081-exec-9] o.s.security.web.FilterChainProxy        : Secured GET /js/script.js
2024-11-06T20:15:11.047+05:30 DEBUG 9048 --- [SCM] [http-nio-8081-exec-4] o.s.security.web.FilterChainProxy        : Secured GET /src/main/resources/static/js/script.js
2024-11-06T20:15:11.049+05:30 DEBUG 9048 --- [SCM] [http-nio-8081-exec-1] o.s.security.web.FilterChainProxy        : Securing GET /images/phone_logo.png
2024-11-06T20:15:11.049+05:30 DEBUG 9048 --- [SCM] [http-nio-8081-exec-1] o.s.security.web.FilterChainProxy        : Secured GET /images/phone_logo.png
2024-11-06T20:15:11.054+05:30 DEBUG 9048 --- [SCM] [http-nio-8081-exec-9] w.c.HttpSessionSecurityContextRepository : Retrieved SecurityContextImpl [Authentication=UsernamePasswordAuthenticationToken [Principal=com.project.scm.models.User@2cc358e, Credentials=[PROTECTED], Authenticated=true, Details=WebAuthenticationDetails [RemoteIpAddress=0:0:0:0:0:0:0:1, SessionId=D07DCECE583490662545FCA928711AE1], Granted Authorities=[ROLE_USER]]]
2024-11-06T20:15:11.054+05:30 DEBUG 9048 --- [SCM] [http-nio-8081-exec-4] w.c.HttpSessionSecurityContextRepository : Retrieved SecurityContextImpl [Authentication=UsernamePasswordAuthenticationToken [Principal=com.project.scm.models.User@2cc358e, Credentials=[PROTECTED], Authenticated=true, Details=WebAuthenticationDetails [RemoteIpAddress=0:0:0:0:0:0:0:1, SessionId=D07DCECE583490662545FCA928711AE1], Granted Authorities=[ROLE_USER]]]
2024-11-06T20:15:11.058+05:30 DEBUG 9048 --- [SCM] [http-nio-8081-exec-1] w.c.HttpSessionSecurityContextRepository : Retrieved SecurityContextImpl [Authentication=UsernamePasswordAuthenticationToken [Principal=com.project.scm.models.User@2cc358e, Credentials=[PROTECTED], Authenticated=true, Details=WebAuthenticationDetails [RemoteIpAddress=0:0:0:0:0:0:0:1, SessionId=D07DCECE583490662545FCA928711AE1], Granted Authorities=[ROLE_USER]]]
2024-11-06T20:15:11.058+05:30 DEBUG 9048 --- [SCM] [http-nio-8081-exec-4] o.s.security.web.FilterChainProxy        : Securing GET /error
2024-11-06T20:15:11.058+05:30 DEBUG 9048 --- [SCM] [http-nio-8081-exec-4] o.s.security.web.FilterChainProxy        : Secured GET /error
2024-11-06T20:15:11.059+05:30 DEBUG 9048 --- [SCM] [http-nio-8081-exec-4] w.c.HttpSessionSecurityContextRepository : Retrieved SecurityContextImpl [Authentication=UsernamePasswordAuthenticationToken [Principal=com.project.scm.models.User@2cc358e, Credentials=[PROTECTED], Authenticated=true, Details=WebAuthenticationDetails [RemoteIpAddress=0:0:0:0:0:0:0:1, SessionId=D07DCECE583490662545FCA928711AE1], Granted Authorities=[ROLE_USER]]]
2024-11-06T20:15:11.060+05:30  INFO 9048 --- [SCM] [http-nio-8081-exec-4] c.project.scm.controller.RootController  : User profile request received abc@abc.com
2024-11-06T20:15:11.063+05:30  INFO 9048 --- [SCM] [http-nio-8081-exec-4] c.project.scm.controller.RootController  : User profile request received abc
2024-11-06T20:15:11.064+05:30  INFO 9048 --- [SCM] [http-nio-8081-exec-4] c.project.scm.controller.RootController  : User profile request received abc@abc.com
2024-11-06T20:15:11.066+05:30 DEBUG 9048 --- [SCM] [http-nio-8081-exec-3] w.c.HttpSessionSecurityContextRepository : Retrieved SecurityContextImpl [Authentication=UsernamePasswordAuthenticationToken [Principal=com.project.scm.models.User@2cc358e, Credentials=[PROTECTED], Authenticated=true, Details=WebAuthenticationDetails [RemoteIpAddress=0:0:0:0:0:0:0:1, SessionId=D07DCECE583490662545FCA928711AE1], Granted Authorities=[ROLE_USER]]]
2024-11-06T20:15:12.208+05:30 DEBUG 9048 --- [SCM] [http-nio-8081-exec-2] o.s.security.web.FilterChainProxy        : Securing GET /services
2024-11-06T20:15:12.209+05:30 DEBUG 9048 --- [SCM] [http-nio-8081-exec-2] o.s.security.web.FilterChainProxy        : Secured GET /services
2024-11-06T20:15:12.212+05:30 DEBUG 9048 --- [SCM] [http-nio-8081-exec-2] w.c.HttpSessionSecurityContextRepository : Retrieved SecurityContextImpl [Authentication=UsernamePasswordAuthenticationToken [Principal=com.project.scm.models.User@2cc358e, Credentials=[PROTECTED], Authenticated=true, Details=WebAuthenticationDetails [RemoteIpAddress=0:0:0:0:0:0:0:1, SessionId=D07DCECE583490662545FCA928711AE1], Granted Authorities=[ROLE_USER]]]
2024-11-06T20:15:12.212+05:30  INFO 9048 --- [SCM] [http-nio-8081-exec-2] c.project.scm.controller.RootController  : User profile request received abc@abc.com
2024-11-06T20:15:12.213+05:30  INFO 9048 --- [SCM] [http-nio-8081-exec-2] c.project.scm.controller.RootController  : User profile request received abc
2024-11-06T20:15:12.214+05:30  INFO 9048 --- [SCM] [http-nio-8081-exec-2] c.project.scm.controller.RootController  : User profile request received abc@abc.com
2024-11-06T20:15:12.247+05:30 DEBUG 9048 --- [SCM] [http-nio-8081-exec-6] o.s.security.web.FilterChainProxy        : Securing GET /images/phone_logo.png
2024-11-06T20:15:12.247+05:30 DEBUG 9048 --- [SCM] [http-nio-8081-exec-6] o.s.security.web.FilterChainProxy        : Secured GET /images/phone_logo.png
2024-11-06T20:15:12.247+05:30 DEBUG 9048 --- [SCM] [http-nio-8081-exec-8] o.s.security.web.FilterChainProxy        : Securing GET /js/script.js
2024-11-06T20:15:12.248+05:30 DEBUG 9048 --- [SCM] [http-nio-8081-exec-8] o.s.security.web.FilterChainProxy        : Secured GET /js/script.js
2024-11-06T20:15:12.248+05:30 DEBUG 9048 --- [SCM] [http-nio-8081-exec-5] o.s.security.web.FilterChainProxy        : Securing GET /css/output.css
2024-11-06T20:15:12.249+05:30 DEBUG 9048 --- [SCM] [http-nio-8081-exec-5] o.s.security.web.FilterChainProxy        : Secured GET /css/output.css
2024-11-06T20:15:12.250+05:30 DEBUG 9048 --- [SCM] [http-nio-8081-exec-8] w.c.HttpSessionSecurityContextRepository : Retrieved SecurityContextImpl [Authentication=UsernamePasswordAuthenticationToken [Principal=com.project.scm.models.User@2cc358e, Credentials=[PROTECTED], Authenticated=true, Details=WebAuthenticationDetails [RemoteIpAddress=0:0:0:0:0:0:0:1, SessionId=D07DCECE583490662545FCA928711AE1], Granted Authorities=[ROLE_USER]]]
2024-11-06T20:15:12.253+05:30 DEBUG 9048 --- [SCM] [http-nio-8081-exec-6] w.c.HttpSessionSecurityContextRepository : Retrieved SecurityContextImpl [Authentication=UsernamePasswordAuthenticationToken [Principal=com.project.scm.models.User@2cc358e, Credentials=[PROTECTED], Authenticated=true, Details=WebAuthenticationDetails [RemoteIpAddress=0:0:0:0:0:0:0:1, SessionId=D07DCECE583490662545FCA928711AE1], Granted Authorities=[ROLE_USER]]]
2024-11-06T20:15:12.255+05:30 DEBUG 9048 --- [SCM] [http-nio-8081-exec-5] w.c.HttpSessionSecurityContextRepository : Retrieved SecurityContextImpl [Authentication=UsernamePasswordAuthenticationToken [Principal=com.project.scm.models.User@2cc358e, Credentials=[PROTECTED], Authenticated=true, Details=WebAuthenticationDetails [RemoteIpAddress=0:0:0:0:0:0:0:1, SessionId=D07DCECE583490662545FCA928711AE1], Granted Authorities=[ROLE_USER]]]
2024-11-06T20:15:12.268+05:30 DEBUG 9048 --- [SCM] [http-nio-8081-exec-7] o.s.security.web.FilterChainProxy        : Securing GET /src/main/resources/static/js/script.js
2024-11-06T20:15:12.268+05:30 DEBUG 9048 --- [SCM] [http-nio-8081-exec-7] o.s.security.web.FilterChainProxy        : Secured GET /src/main/resources/static/js/script.js
2024-11-06T20:15:12.270+05:30 DEBUG 9048 --- [SCM] [http-nio-8081-exec-7] w.c.HttpSessionSecurityContextRepository : Retrieved SecurityContextImpl [Authentication=UsernamePasswordAuthenticationToken [Principal=com.project.scm.models.User@2cc358e, Credentials=[PROTECTED], Authenticated=true, Details=WebAuthenticationDetails [RemoteIpAddress=0:0:0:0:0:0:0:1, SessionId=D07DCECE583490662545FCA928711AE1], Granted Authorities=[ROLE_USER]]]
2024-11-06T20:15:12.271+05:30 DEBUG 9048 --- [SCM] [http-nio-8081-exec-7] o.s.security.web.FilterChainProxy        : Securing GET /error
2024-11-06T20:15:12.271+05:30 DEBUG 9048 --- [SCM] [http-nio-8081-exec-7] o.s.security.web.FilterChainProxy        : Secured GET /error
2024-11-06T20:15:12.273+05:30 DEBUG 9048 --- [SCM] [http-nio-8081-exec-7] w.c.HttpSessionSecurityContextRepository : Retrieved SecurityContextImpl [Authentication=UsernamePasswordAuthenticationToken [Principal=com.project.scm.models.User@2cc358e, Credentials=[PROTECTED], Authenticated=true, Details=WebAuthenticationDetails [RemoteIpAddress=0:0:0:0:0:0:0:1, SessionId=D07DCECE583490662545FCA928711AE1], Granted Authorities=[ROLE_USER]]]
2024-11-06T20:15:12.273+05:30  INFO 9048 --- [SCM] [http-nio-8081-exec-7] c.project.scm.controller.RootController  : User profile request received abc@abc.com
2024-11-06T20:15:12.281+05:30  INFO 9048 --- [SCM] [http-nio-8081-exec-7] c.project.scm.controller.RootController  : User profile request received abc
2024-11-06T20:15:12.282+05:30  INFO 9048 --- [SCM] [http-nio-8081-exec-7] c.project.scm.controller.RootController  : User profile request received abc@abc.com
2024-11-06T20:15:13.531+05:30 DEBUG 9048 --- [SCM] [http-nio-8081-exec-10] o.s.security.web.FilterChainProxy        : Securing GET /contact
2024-11-06T20:15:13.532+05:30 DEBUG 9048 --- [SCM] [http-nio-8081-exec-10] o.s.security.web.FilterChainProxy        : Secured GET /contact
2024-11-06T20:15:13.533+05:30 DEBUG 9048 --- [SCM] [http-nio-8081-exec-10] w.c.HttpSessionSecurityContextRepository : Retrieved SecurityContextImpl [Authentication=UsernamePasswordAuthenticationToken [Principal=com.project.scm.models.User@2cc358e, Credentials=[PROTECTED], Authenticated=true, Details=WebAuthenticationDetails [RemoteIpAddress=0:0:0:0:0:0:0:1, SessionId=D07DCECE583490662545FCA928711AE1], Granted Authorities=[ROLE_USER]]]
2024-11-06T20:15:13.533+05:30  INFO 9048 --- [SCM] [http-nio-8081-exec-10] c.project.scm.controller.RootController  : User profile request received abc@abc.com
2024-11-06T20:15:13.535+05:30  INFO 9048 --- [SCM] [http-nio-8081-exec-10] c.project.scm.controller.RootController  : User profile request received abc
2024-11-06T20:15:13.535+05:30  INFO 9048 --- [SCM] [http-nio-8081-exec-10] c.project.scm.controller.RootController  : User profile request received abc@abc.com
2024-11-06T20:15:13.675+05:30 DEBUG 9048 --- [SCM] [http-nio-8081-exec-9] o.s.security.web.FilterChainProxy        : Securing GET /css/output.css
2024-11-06T20:15:13.676+05:30 DEBUG 9048 --- [SCM] [http-nio-8081-exec-9] o.s.security.web.FilterChainProxy        : Secured GET /css/output.css
2024-11-06T20:15:13.680+05:30 DEBUG 9048 --- [SCM] [http-nio-8081-exec-9] w.c.HttpSessionSecurityContextRepository : Retrieved SecurityContextImpl [Authentication=UsernamePasswordAuthenticationToken [Principal=com.project.scm.models.User@2cc358e, Credentials=[PROTECTED], Authenticated=true, Details=WebAuthenticationDetails [RemoteIpAddress=0:0:0:0:0:0:0:1, SessionId=D07DCECE583490662545FCA928711AE1], Granted Authorities=[ROLE_USER]]]
2024-11-06T20:15:13.680+05:30 DEBUG 9048 --- [SCM] [http-nio-8081-exec-1] o.s.security.web.FilterChainProxy        : Securing GET /images/phone_logo.png
2024-11-06T20:15:13.681+05:30 DEBUG 9048 --- [SCM] [http-nio-8081-exec-1] o.s.security.web.FilterChainProxy        : Secured GET /images/phone_logo.png
2024-11-06T20:15:13.681+05:30 DEBUG 9048 --- [SCM] [http-nio-8081-exec-9] o.s.security.web.FilterChainProxy        : Securing GET /src/main/resources/static/js/script.js
2024-11-06T20:15:13.683+05:30 DEBUG 9048 --- [SCM] [http-nio-8081-exec-9] o.s.security.web.FilterChainProxy        : Secured GET /src/main/resources/static/js/script.js
2024-11-06T20:15:13.683+05:30 DEBUG 9048 --- [SCM] [http-nio-8081-exec-4] o.s.security.web.FilterChainProxy        : Securing GET /js/script.js
2024-11-06T20:15:13.683+05:30 DEBUG 9048 --- [SCM] [http-nio-8081-exec-4] o.s.security.web.FilterChainProxy        : Secured GET /js/script.js
2024-11-06T20:15:13.687+05:30 DEBUG 9048 --- [SCM] [http-nio-8081-exec-1] w.c.HttpSessionSecurityContextRepository : Retrieved SecurityContextImpl [Authentication=UsernamePasswordAuthenticationToken [Principal=com.project.scm.models.User@2cc358e, Credentials=[PROTECTED], Authenticated=true, Details=WebAuthenticationDetails [RemoteIpAddress=0:0:0:0:0:0:0:1, SessionId=D07DCECE583490662545FCA928711AE1], Granted Authorities=[ROLE_USER]]]
2024-11-06T20:15:13.687+05:30 DEBUG 9048 --- [SCM] [http-nio-8081-exec-9] w.c.HttpSessionSecurityContextRepository : Retrieved SecurityContextImpl [Authentication=UsernamePasswordAuthenticationToken [Principal=com.project.scm.models.User@2cc358e, Credentials=[PROTECTED], Authenticated=true, Details=WebAuthenticationDetails [RemoteIpAddress=0:0:0:0:0:0:0:1, SessionId=D07DCECE583490662545FCA928711AE1], Granted Authorities=[ROLE_USER]]]
2024-11-06T20:15:13.689+05:30 DEBUG 9048 --- [SCM] [http-nio-8081-exec-4] w.c.HttpSessionSecurityContextRepository : Retrieved SecurityContextImpl [Authentication=UsernamePasswordAuthenticationToken [Principal=com.project.scm.models.User@2cc358e, Credentials=[PROTECTED], Authenticated=true, Details=WebAuthenticationDetails [RemoteIpAddress=0:0:0:0:0:0:0:1, SessionId=D07DCECE583490662545FCA928711AE1], Granted Authorities=[ROLE_USER]]]
2024-11-06T20:15:13.689+05:30 DEBUG 9048 --- [SCM] [http-nio-8081-exec-9] o.s.security.web.FilterChainProxy        : Securing GET /error
2024-11-06T20:15:13.690+05:30 DEBUG 9048 --- [SCM] [http-nio-8081-exec-9] o.s.security.web.FilterChainProxy        : Secured GET /error
2024-11-06T20:15:13.691+05:30 DEBUG 9048 --- [SCM] [http-nio-8081-exec-9] w.c.HttpSessionSecurityContextRepository : Retrieved SecurityContextImpl [Authentication=UsernamePasswordAuthenticationToken [Principal=com.project.scm.models.User@2cc358e, Credentials=[PROTECTED], Authenticated=true, Details=WebAuthenticationDetails [RemoteIpAddress=0:0:0:0:0:0:0:1, SessionId=D07DCECE583490662545FCA928711AE1], Granted Authorities=[ROLE_USER]]]
2024-11-06T20:15:13.691+05:30  INFO 9048 --- [SCM] [http-nio-8081-exec-9] c.project.scm.controller.RootController  : User profile request received abc@abc.com
2024-11-06T20:15:13.704+05:30  INFO 9048 --- [SCM] [http-nio-8081-exec-9] c.project.scm.controller.RootController  : User profile request received abc
2024-11-06T20:15:13.705+05:30  INFO 9048 --- [SCM] [http-nio-8081-exec-9] c.project.scm.controller.RootController  : User profile request received abc@abc.com
2024-11-06T20:15:17.208+05:30 DEBUG 9048 --- [SCM] [http-nio-8081-exec-7] o.s.security.web.FilterChainProxy        : Securing GET /user/profile
2024-11-06T20:15:17.209+05:30 DEBUG 9048 --- [SCM] [http-nio-8081-exec-7] w.c.HttpSessionSecurityContextRepository : Retrieved SecurityContextImpl [Authentication=UsernamePasswordAuthenticationToken [Principal=com.project.scm.models.User@2cc358e, Credentials=[PROTECTED], Authenticated=true, Details=WebAuthenticationDetails [RemoteIpAddress=0:0:0:0:0:0:0:1, SessionId=D07DCECE583490662545FCA928711AE1], Granted Authorities=[ROLE_USER]]]
2024-11-06T20:15:17.209+05:30 DEBUG 9048 --- [SCM] [http-nio-8081-exec-7] o.s.security.web.FilterChainProxy        : Secured GET /user/profile
2024-11-06T20:15:17.213+05:30  INFO 9048 --- [SCM] [http-nio-8081-exec-7] c.project.scm.controller.RootController  : User profile request received abc@abc.com
2024-11-06T20:15:17.215+05:30  INFO 9048 --- [SCM] [http-nio-8081-exec-7] c.project.scm.controller.RootController  : User profile request received abc
2024-11-06T20:15:17.216+05:30  INFO 9048 --- [SCM] [http-nio-8081-exec-7] c.project.scm.controller.RootController  : User profile request received abc@abc.com
2024-11-06T20:15:17.284+05:30 DEBUG 9048 --- [SCM] [http-nio-8081-exec-10] o.s.security.web.FilterChainProxy        : Securing GET /css/output.css
2024-11-06T20:15:17.285+05:30 DEBUG 9048 --- [SCM] [http-nio-8081-exec-3] o.s.security.web.FilterChainProxy        : Securing GET /images/phone_logo.png
2024-11-06T20:15:17.285+05:30 DEBUG 9048 --- [SCM] [http-nio-8081-exec-3] o.s.security.web.FilterChainProxy        : Secured GET /images/phone_logo.png
2024-11-06T20:15:17.286+05:30 DEBUG 9048 --- [SCM] [http-nio-8081-exec-10] o.s.security.web.FilterChainProxy        : Secured GET /css/output.css
2024-11-06T20:15:17.286+05:30 DEBUG 9048 --- [SCM] [http-nio-8081-exec-1] o.s.security.web.FilterChainProxy        : Securing GET /js/script.js
2024-11-06T20:15:17.287+05:30 DEBUG 9048 --- [SCM] [http-nio-8081-exec-1] o.s.security.web.FilterChainProxy        : Secured GET /js/script.js
2024-11-06T20:15:17.287+05:30 DEBUG 9048 --- [SCM] [http-nio-8081-exec-4] o.s.security.web.FilterChainProxy        : Securing GET /src/main/resources/static/js/script.js
2024-11-06T20:15:17.288+05:30 DEBUG 9048 --- [SCM] [http-nio-8081-exec-4] o.s.security.web.FilterChainProxy        : Secured GET /src/main/resources/static/js/script.js
2024-11-06T20:15:17.290+05:30 DEBUG 9048 --- [SCM] [http-nio-8081-exec-4] w.c.HttpSessionSecurityContextRepository : Retrieved SecurityContextImpl [Authentication=UsernamePasswordAuthenticationToken [Principal=com.project.scm.models.User@2cc358e, Credentials=[PROTECTED], Authenticated=true, Details=WebAuthenticationDetails [RemoteIpAddress=0:0:0:0:0:0:0:1, SessionId=D07DCECE583490662545FCA928711AE1], Granted Authorities=[ROLE_USER]]]
2024-11-06T20:15:17.290+05:30 DEBUG 9048 --- [SCM] [http-nio-8081-exec-4] o.s.security.web.FilterChainProxy        : Securing GET /error
2024-11-06T20:15:17.291+05:30 DEBUG 9048 --- [SCM] [http-nio-8081-exec-10] w.c.HttpSessionSecurityContextRepository : Retrieved SecurityContextImpl [Authentication=UsernamePasswordAuthenticationToken [Principal=com.project.scm.models.User@2cc358e, Credentials=[PROTECTED], Authenticated=true, Details=WebAuthenticationDetails [RemoteIpAddress=0:0:0:0:0:0:0:1, SessionId=D07DCECE583490662545FCA928711AE1], Granted Authorities=[ROLE_USER]]]
2024-11-06T20:15:17.291+05:30 DEBUG 9048 --- [SCM] [http-nio-8081-exec-4] o.s.security.web.FilterChainProxy        : Secured GET /error
2024-11-06T20:15:17.293+05:30 DEBUG 9048 --- [SCM] [http-nio-8081-exec-4] w.c.HttpSessionSecurityContextRepository : Retrieved SecurityContextImpl [Authentication=UsernamePasswordAuthenticationToken [Principal=com.project.scm.models.User@2cc358e, Credentials=[PROTECTED], Authenticated=true, Details=WebAuthenticationDetails [RemoteIpAddress=0:0:0:0:0:0:0:1, SessionId=D07DCECE583490662545FCA928711AE1], Granted Authorities=[ROLE_USER]]]
2024-11-06T20:15:17.294+05:30  INFO 9048 --- [SCM] [http-nio-8081-exec-4] c.project.scm.controller.RootController  : User profile request received abc@abc.com
2024-11-06T20:15:17.293+05:30 DEBUG 9048 --- [SCM] [http-nio-8081-exec-1] w.c.HttpSessionSecurityContextRepository : Retrieved SecurityContextImpl [Authentication=UsernamePasswordAuthenticationToken [Principal=com.project.scm.models.User@2cc358e, Credentials=[PROTECTED], Authenticated=true, Details=WebAuthenticationDetails [RemoteIpAddress=0:0:0:0:0:0:0:1, SessionId=D07DCECE583490662545FCA928711AE1], Granted Authorities=[ROLE_USER]]]
2024-11-06T20:15:17.297+05:30 DEBUG 9048 --- [SCM] [http-nio-8081-exec-3] w.c.HttpSessionSecurityContextRepository : Retrieved SecurityContextImpl [Authentication=UsernamePasswordAuthenticationToken [Principal=com.project.scm.models.User@2cc358e, Credentials=[PROTECTED], Authenticated=true, Details=WebAuthenticationDetails [RemoteIpAddress=0:0:0:0:0:0:0:1, SessionId=D07DCECE583490662545FCA928711AE1], Granted Authorities=[ROLE_USER]]]
2024-11-06T20:15:17.297+05:30  INFO 9048 --- [SCM] [http-nio-8081-exec-4] c.project.scm.controller.RootController  : User profile request received abc
2024-11-06T20:15:17.297+05:30  INFO 9048 --- [SCM] [http-nio-8081-exec-4] c.project.scm.controller.RootController  : User profile request received abc@abc.com
2024-11-06T20:15:19.673+05:30 DEBUG 9048 --- [SCM] [http-nio-8081-exec-9] o.s.security.web.FilterChainProxy        : Securing GET /user/contacts/add
2024-11-06T20:15:19.674+05:30 DEBUG 9048 --- [SCM] [http-nio-8081-exec-9] w.c.HttpSessionSecurityContextRepository : Retrieved SecurityContextImpl [Authentication=UsernamePasswordAuthenticationToken [Principal=com.project.scm.models.User@2cc358e, Credentials=[PROTECTED], Authenticated=true, Details=WebAuthenticationDetails [RemoteIpAddress=0:0:0:0:0:0:0:1, SessionId=D07DCECE583490662545FCA928711AE1], Granted Authorities=[ROLE_USER]]]
2024-11-06T20:15:19.675+05:30 DEBUG 9048 --- [SCM] [http-nio-8081-exec-9] o.s.security.web.FilterChainProxy        : Secured GET /user/contacts/add
2024-11-06T20:15:19.679+05:30  INFO 9048 --- [SCM] [http-nio-8081-exec-9] c.project.scm.controller.RootController  : User profile request received abc@abc.com
2024-11-06T20:15:19.680+05:30  INFO 9048 --- [SCM] [http-nio-8081-exec-9] c.project.scm.controller.RootController  : User profile request received abc
2024-11-06T20:15:19.680+05:30  INFO 9048 --- [SCM] [http-nio-8081-exec-9] c.project.scm.controller.RootController  : User profile request received abc@abc.com
2024-11-06T20:15:19.680+05:30  INFO 9048 --- [SCM] [http-nio-8081-exec-9] c.p.scm.controller.ContactController     : Entering addContactView method
2024-11-06T20:15:19.681+05:30  INFO 9048 --- [SCM] [http-nio-8081-exec-9] c.p.scm.controller.ContactController     : Exiting addContactView method
2024-11-06T20:15:19.797+05:30 DEBUG 9048 --- [SCM] [http-nio-8081-exec-8] o.s.security.web.FilterChainProxy        : Securing GET /images/phone_logo.png
2024-11-06T20:15:19.797+05:30 DEBUG 9048 --- [SCM] [http-nio-8081-exec-2] o.s.security.web.FilterChainProxy        : Securing GET /css/output.css
2024-11-06T20:15:19.798+05:30 DEBUG 9048 --- [SCM] [http-nio-8081-exec-8] o.s.security.web.FilterChainProxy        : Secured GET /images/phone_logo.png
2024-11-06T20:15:19.798+05:30 DEBUG 9048 --- [SCM] [http-nio-8081-exec-2] o.s.security.web.FilterChainProxy        : Secured GET /css/output.css
2024-11-06T20:15:19.801+05:30 DEBUG 9048 --- [SCM] [http-nio-8081-exec-2] w.c.HttpSessionSecurityContextRepository : Retrieved SecurityContextImpl [Authentication=UsernamePasswordAuthenticationToken [Principal=com.project.scm.models.User@2cc358e, Credentials=[PROTECTED], Authenticated=true, Details=WebAuthenticationDetails [RemoteIpAddress=0:0:0:0:0:0:0:1, SessionId=D07DCECE583490662545FCA928711AE1], Granted Authorities=[ROLE_USER]]]
2024-11-06T20:15:19.808+05:30 DEBUG 9048 --- [SCM] [http-nio-8081-exec-8] w.c.HttpSessionSecurityContextRepository : Retrieved SecurityContextImpl [Authentication=UsernamePasswordAuthenticationToken [Principal=com.project.scm.models.User@2cc358e, Credentials=[PROTECTED], Authenticated=true, Details=WebAuthenticationDetails [RemoteIpAddress=0:0:0:0:0:0:0:1, SessionId=D07DCECE583490662545FCA928711AE1], Granted Authorities=[ROLE_USER]]]
2024-11-06T20:15:19.872+05:30 DEBUG 9048 --- [SCM] [http-nio-8081-exec-6] o.s.security.web.FilterChainProxy        : Securing GET /js/script.js
2024-11-06T20:15:19.874+05:30 DEBUG 9048 --- [SCM] [http-nio-8081-exec-6] o.s.security.web.FilterChainProxy        : Secured GET /js/script.js
2024-11-06T20:15:19.882+05:30 DEBUG 9048 --- [SCM] [http-nio-8081-exec-5] o.s.security.web.FilterChainProxy        : Securing GET /js/admin.js
2024-11-06T20:15:19.883+05:30 DEBUG 9048 --- [SCM] [http-nio-8081-exec-5] o.s.security.web.FilterChainProxy        : Secured GET /js/admin.js
2024-11-06T20:15:19.884+05:30 DEBUG 9048 --- [SCM] [http-nio-8081-exec-6] w.c.HttpSessionSecurityContextRepository : Retrieved SecurityContextImpl [Authentication=UsernamePasswordAuthenticationToken [Principal=com.project.scm.models.User@2cc358e, Credentials=[PROTECTED], Authenticated=true, Details=WebAuthenticationDetails [RemoteIpAddress=0:0:0:0:0:0:0:1, SessionId=D07DCECE583490662545FCA928711AE1], Granted Authorities=[ROLE_USER]]]
2024-11-06T20:15:19.886+05:30 DEBUG 9048 --- [SCM] [http-nio-8081-exec-6] o.s.security.web.FilterChainProxy        : Securing GET /src/main/resources/static/js/script.js
2024-11-06T20:15:19.887+05:30 DEBUG 9048 --- [SCM] [http-nio-8081-exec-6] o.s.security.web.FilterChainProxy        : Secured GET /src/main/resources/static/js/script.js
2024-11-06T20:15:19.896+05:30 DEBUG 9048 --- [SCM] [http-nio-8081-exec-6] w.c.HttpSessionSecurityContextRepository : Retrieved SecurityContextImpl [Authentication=UsernamePasswordAuthenticationToken [Principal=com.project.scm.models.User@2cc358e, Credentials=[PROTECTED], Authenticated=true, Details=WebAuthenticationDetails [RemoteIpAddress=0:0:0:0:0:0:0:1, SessionId=D07DCECE583490662545FCA928711AE1], Granted Authorities=[ROLE_USER]]]
2024-11-06T20:15:19.898+05:30 DEBUG 9048 --- [SCM] [http-nio-8081-exec-6] o.s.security.web.FilterChainProxy        : Securing GET /error
2024-11-06T20:15:19.899+05:30 DEBUG 9048 --- [SCM] [http-nio-8081-exec-6] o.s.security.web.FilterChainProxy        : Secured GET /error
2024-11-06T20:15:19.904+05:30 DEBUG 9048 --- [SCM] [http-nio-8081-exec-6] w.c.HttpSessionSecurityContextRepository : Retrieved SecurityContextImpl [Authentication=UsernamePasswordAuthenticationToken [Principal=com.project.scm.models.User@2cc358e, Credentials=[PROTECTED], Authenticated=true, Details=WebAuthenticationDetails [RemoteIpAddress=0:0:0:0:0:0:0:1, SessionId=D07DCECE583490662545FCA928711AE1], Granted Authorities=[ROLE_USER]]]
2024-11-06T20:15:19.904+05:30  INFO 9048 --- [SCM] [http-nio-8081-exec-6] c.project.scm.controller.RootController  : User profile request received abc@abc.com
2024-11-06T20:15:19.907+05:30  INFO 9048 --- [SCM] [http-nio-8081-exec-6] c.project.scm.controller.RootController  : User profile request received abc
2024-11-06T20:15:19.907+05:30  INFO 9048 --- [SCM] [http-nio-8081-exec-6] c.project.scm.controller.RootController  : User profile request received abc@abc.com
2024-11-06T20:15:19.935+05:30 DEBUG 9048 --- [SCM] [http-nio-8081-exec-5] w.c.HttpSessionSecurityContextRepository : Retrieved SecurityContextImpl [Authentication=UsernamePasswordAuthenticationToken [Principal=com.project.scm.models.User@2cc358e, Credentials=[PROTECTED], Authenticated=true, Details=WebAuthenticationDetails [RemoteIpAddress=0:0:0:0:0:0:0:1, SessionId=D07DCECE583490662545FCA928711AE1], Granted Authorities=[ROLE_USER]]]
2024-11-06T20:15:21.487+05:30 DEBUG 9048 --- [SCM] [http-nio-8081-exec-10] o.s.security.web.FilterChainProxy        : Securing GET /user/profile
2024-11-06T20:15:21.487+05:30 DEBUG 9048 --- [SCM] [http-nio-8081-exec-10] w.c.HttpSessionSecurityContextRepository : Retrieved SecurityContextImpl [Authentication=UsernamePasswordAuthenticationToken [Principal=com.project.scm.models.User@2cc358e, Credentials=[PROTECTED], Authenticated=true, Details=WebAuthenticationDetails [RemoteIpAddress=0:0:0:0:0:0:0:1, SessionId=D07DCECE583490662545FCA928711AE1], Granted Authorities=[ROLE_USER]]]
2024-11-06T20:15:21.487+05:30 DEBUG 9048 --- [SCM] [http-nio-8081-exec-10] o.s.security.web.FilterChainProxy        : Secured GET /user/profile
2024-11-06T20:15:21.488+05:30  INFO 9048 --- [SCM] [http-nio-8081-exec-10] c.project.scm.controller.RootController  : User profile request received abc@abc.com
2024-11-06T20:15:21.490+05:30  INFO 9048 --- [SCM] [http-nio-8081-exec-10] c.project.scm.controller.RootController  : User profile request received abc
2024-11-06T20:15:21.490+05:30  INFO 9048 --- [SCM] [http-nio-8081-exec-10] c.project.scm.controller.RootController  : User profile request received abc@abc.com
2024-11-06T20:15:21.531+05:30 DEBUG 9048 --- [SCM] [http-nio-8081-exec-1] o.s.security.web.FilterChainProxy        : Securing GET /css/output.css
2024-11-06T20:15:21.532+05:30 DEBUG 9048 --- [SCM] [http-nio-8081-exec-1] o.s.security.web.FilterChainProxy        : Secured GET /css/output.css
2024-11-06T20:15:21.533+05:30 DEBUG 9048 --- [SCM] [http-nio-8081-exec-3] o.s.security.web.FilterChainProxy        : Securing GET /images/phone_logo.png
2024-11-06T20:15:21.534+05:30 DEBUG 9048 --- [SCM] [http-nio-8081-exec-3] o.s.security.web.FilterChainProxy        : Secured GET /images/phone_logo.png
2024-11-06T20:15:21.537+05:30 DEBUG 9048 --- [SCM] [http-nio-8081-exec-1] w.c.HttpSessionSecurityContextRepository : Retrieved SecurityContextImpl [Authentication=UsernamePasswordAuthenticationToken [Principal=com.project.scm.models.User@2cc358e, Credentials=[PROTECTED], Authenticated=true, Details=WebAuthenticationDetails [RemoteIpAddress=0:0:0:0:0:0:0:1, SessionId=D07DCECE583490662545FCA928711AE1], Granted Authorities=[ROLE_USER]]]
2024-11-06T20:15:21.538+05:30 DEBUG 9048 --- [SCM] [http-nio-8081-exec-3] w.c.HttpSessionSecurityContextRepository : Retrieved SecurityContextImpl [Authentication=UsernamePasswordAuthenticationToken [Principal=com.project.scm.models.User@2cc358e, Credentials=[PROTECTED], Authenticated=true, Details=WebAuthenticationDetails [RemoteIpAddress=0:0:0:0:0:0:0:1, SessionId=D07DCECE583490662545FCA928711AE1], Granted Authorities=[ROLE_USER]]]
2024-11-06T20:15:21.546+05:30 DEBUG 9048 --- [SCM] [http-nio-8081-exec-4] o.s.security.web.FilterChainProxy        : Securing GET /js/script.js
2024-11-06T20:15:21.547+05:30 DEBUG 9048 --- [SCM] [http-nio-8081-exec-4] o.s.security.web.FilterChainProxy        : Secured GET /js/script.js
2024-11-06T20:15:21.548+05:30 DEBUG 9048 --- [SCM] [http-nio-8081-exec-2] o.s.security.web.FilterChainProxy        : Securing GET /src/main/resources/static/js/script.js
2024-11-06T20:15:21.549+05:30 DEBUG 9048 --- [SCM] [http-nio-8081-exec-2] o.s.security.web.FilterChainProxy        : Secured GET /src/main/resources/static/js/script.js
2024-11-06T20:15:21.552+05:30 DEBUG 9048 --- [SCM] [http-nio-8081-exec-4] w.c.HttpSessionSecurityContextRepository : Retrieved SecurityContextImpl [Authentication=UsernamePasswordAuthenticationToken [Principal=com.project.scm.models.User@2cc358e, Credentials=[PROTECTED], Authenticated=true, Details=WebAuthenticationDetails [RemoteIpAddress=0:0:0:0:0:0:0:1, SessionId=D07DCECE583490662545FCA928711AE1], Granted Authorities=[ROLE_USER]]]
2024-11-06T20:15:21.552+05:30 DEBUG 9048 --- [SCM] [http-nio-8081-exec-2] w.c.HttpSessionSecurityContextRepository : Retrieved SecurityContextImpl [Authentication=UsernamePasswordAuthenticationToken [Principal=com.project.scm.models.User@2cc358e, Credentials=[PROTECTED], Authenticated=true, Details=WebAuthenticationDetails [RemoteIpAddress=0:0:0:0:0:0:0:1, SessionId=D07DCECE583490662545FCA928711AE1], Granted Authorities=[ROLE_USER]]]
2024-11-06T20:15:21.553+05:30 DEBUG 9048 --- [SCM] [http-nio-8081-exec-2] o.s.security.web.FilterChainProxy        : Securing GET /error
2024-11-06T20:15:21.553+05:30 DEBUG 9048 --- [SCM] [http-nio-8081-exec-2] o.s.security.web.FilterChainProxy        : Secured GET /error
2024-11-06T20:15:21.554+05:30 DEBUG 9048 --- [SCM] [http-nio-8081-exec-2] w.c.HttpSessionSecurityContextRepository : Retrieved SecurityContextImpl [Authentication=UsernamePasswordAuthenticationToken [Principal=com.project.scm.models.User@2cc358e, Credentials=[PROTECTED], Authenticated=true, Details=WebAuthenticationDetails [RemoteIpAddress=0:0:0:0:0:0:0:1, SessionId=D07DCECE583490662545FCA928711AE1], Granted Authorities=[ROLE_USER]]]
2024-11-06T20:15:21.555+05:30  INFO 9048 --- [SCM] [http-nio-8081-exec-2] c.project.scm.controller.RootController  : User profile request received abc@abc.com
2024-11-06T20:15:21.556+05:30  INFO 9048 --- [SCM] [http-nio-8081-exec-2] c.project.scm.controller.RootController  : User profile request received abc
2024-11-06T20:15:21.556+05:30  INFO 9048 --- [SCM] [http-nio-8081-exec-2] c.project.scm.controller.RootController  : User profile request received abc@abc.com
2024-11-06T20:15:22.525+05:30 DEBUG 9048 --- [SCM] [http-nio-8081-exec-8] o.s.security.web.FilterChainProxy        : Securing GET /user/contacts/view-contacts
2024-11-06T20:15:22.526+05:30 DEBUG 9048 --- [SCM] [http-nio-8081-exec-8] w.c.HttpSessionSecurityContextRepository : Retrieved SecurityContextImpl [Authentication=UsernamePasswordAuthenticationToken [Principal=com.project.scm.models.User@2cc358e, Credentials=[PROTECTED], Authenticated=true, Details=WebAuthenticationDetails [RemoteIpAddress=0:0:0:0:0:0:0:1, SessionId=D07DCECE583490662545FCA928711AE1], Granted Authorities=[ROLE_USER]]]
2024-11-06T20:15:22.526+05:30 DEBUG 9048 --- [SCM] [http-nio-8081-exec-8] o.s.security.web.FilterChainProxy        : Secured GET /user/contacts/view-contacts
2024-11-06T20:15:22.527+05:30  INFO 9048 --- [SCM] [http-nio-8081-exec-8] c.project.scm.controller.RootController  : User profile request received abc@abc.com
2024-11-06T20:15:22.529+05:30  INFO 9048 --- [SCM] [http-nio-8081-exec-8] c.project.scm.controller.RootController  : User profile request received abc
2024-11-06T20:15:22.530+05:30  INFO 9048 --- [SCM] [http-nio-8081-exec-8] c.project.scm.controller.RootController  : User profile request received abc@abc.com
2024-11-06T20:15:22.534+05:30  INFO 9048 --- [SCM] [http-nio-8081-exec-8] c.p.scm.controller.ContactController     : Entering viewContacts method
2024-11-06T20:15:22.534+05:30  INFO 9048 --- [SCM] [http-nio-8081-exec-8] c.p.scm.controller.ContactController     : User profile request received is  abc@abc.com
2024-11-06T20:15:22.535+05:30  INFO 9048 --- [SCM] [http-nio-8081-exec-8] c.p.scm.controller.ContactController     : User  is   com.project.scm.models.User@617e9ce0
2024-11-06T20:15:22.604+05:30  INFO 9048 --- [SCM] [http-nio-8081-exec-8] c.p.scm.controller.ContactController     : Exiting viewContacts method
2024-11-06T20:15:22.670+05:30 DEBUG 9048 --- [SCM] [http-nio-8081-exec-9] o.s.security.web.FilterChainProxy        : Securing GET /css/output.css
2024-11-06T20:15:22.670+05:30 DEBUG 9048 --- [SCM] [http-nio-8081-exec-9] o.s.security.web.FilterChainProxy        : Secured GET /css/output.css
2024-11-06T20:15:22.670+05:30 DEBUG 9048 --- [SCM] [http-nio-8081-exec-7] o.s.security.web.FilterChainProxy        : Securing GET /images/phone_logo.png
2024-11-06T20:15:22.670+05:30 DEBUG 9048 --- [SCM] [http-nio-8081-exec-7] o.s.security.web.FilterChainProxy        : Secured GET /images/phone_logo.png
2024-11-06T20:15:22.674+05:30 DEBUG 9048 --- [SCM] [http-nio-8081-exec-9] w.c.HttpSessionSecurityContextRepository : Retrieved SecurityContextImpl [Authentication=UsernamePasswordAuthenticationToken [Principal=com.project.scm.models.User@2cc358e, Credentials=[PROTECTED], Authenticated=true, Details=WebAuthenticationDetails [RemoteIpAddress=0:0:0:0:0:0:0:1, SessionId=D07DCECE583490662545FCA928711AE1], Granted Authorities=[ROLE_USER]]]
2024-11-06T20:15:22.675+05:30 DEBUG 9048 --- [SCM] [http-nio-8081-exec-7] w.c.HttpSessionSecurityContextRepository : Retrieved SecurityContextImpl [Authentication=UsernamePasswordAuthenticationToken [Principal=com.project.scm.models.User@2cc358e, Credentials=[PROTECTED], Authenticated=true, Details=WebAuthenticationDetails [RemoteIpAddress=0:0:0:0:0:0:0:1, SessionId=D07DCECE583490662545FCA928711AE1], Granted Authorities=[ROLE_USER]]]
2024-11-06T20:15:22.765+05:30 DEBUG 9048 --- [SCM] [http-nio-8081-exec-6] o.s.security.web.FilterChainProxy        : Securing GET /js/script.js
2024-11-06T20:15:22.765+05:30 DEBUG 9048 --- [SCM] [http-nio-8081-exec-6] o.s.security.web.FilterChainProxy        : Secured GET /js/script.js
2024-11-06T20:15:22.772+05:30 DEBUG 9048 --- [SCM] [http-nio-8081-exec-6] w.c.HttpSessionSecurityContextRepository : Retrieved SecurityContextImpl [Authentication=UsernamePasswordAuthenticationToken [Principal=com.project.scm.models.User@2cc358e, Credentials=[PROTECTED], Authenticated=true, Details=WebAuthenticationDetails [RemoteIpAddress=0:0:0:0:0:0:0:1, SessionId=D07DCECE583490662545FCA928711AE1], Granted Authorities=[ROLE_USER]]]
2024-11-06T20:15:22.776+05:30 DEBUG 9048 --- [SCM] [http-nio-8081-exec-5] o.s.security.web.FilterChainProxy        : Securing GET /js/contacts.js
2024-11-06T20:15:22.778+05:30 DEBUG 9048 --- [SCM] [http-nio-8081-exec-5] o.s.security.web.FilterChainProxy        : Secured GET /js/contacts.js
2024-11-06T20:15:22.778+05:30 DEBUG 9048 --- [SCM] [http-nio-8081-exec-10] o.s.security.web.FilterChainProxy        : Securing GET /src/main/resources/static/js/script.js
2024-11-06T20:15:22.778+05:30 DEBUG 9048 --- [SCM] [http-nio-8081-exec-10] o.s.security.web.FilterChainProxy        : Secured GET /src/main/resources/static/js/script.js
2024-11-06T20:15:22.782+05:30 DEBUG 9048 --- [SCM] [http-nio-8081-exec-10] w.c.HttpSessionSecurityContextRepository : Retrieved SecurityContextImpl [Authentication=UsernamePasswordAuthenticationToken [Principal=com.project.scm.models.User@2cc358e, Credentials=[PROTECTED], Authenticated=true, Details=WebAuthenticationDetails [RemoteIpAddress=0:0:0:0:0:0:0:1, SessionId=D07DCECE583490662545FCA928711AE1], Granted Authorities=[ROLE_USER]]]
2024-11-06T20:15:22.782+05:30 DEBUG 9048 --- [SCM] [http-nio-8081-exec-10] o.s.security.web.FilterChainProxy        : Securing GET /error
2024-11-06T20:15:22.783+05:30 DEBUG 9048 --- [SCM] [http-nio-8081-exec-10] o.s.security.web.FilterChainProxy        : Secured GET /error
2024-11-06T20:15:22.784+05:30 DEBUG 9048 --- [SCM] [http-nio-8081-exec-10] w.c.HttpSessionSecurityContextRepository : Retrieved SecurityContextImpl [Authentication=UsernamePasswordAuthenticationToken [Principal=com.project.scm.models.User@2cc358e, Credentials=[PROTECTED], Authenticated=true, Details=WebAuthenticationDetails [RemoteIpAddress=0:0:0:0:0:0:0:1, SessionId=D07DCECE583490662545FCA928711AE1], Granted Authorities=[ROLE_USER]]]
2024-11-06T20:15:22.784+05:30  INFO 9048 --- [SCM] [http-nio-8081-exec-10] c.project.scm.controller.RootController  : User profile request received abc@abc.com
2024-11-06T20:15:22.790+05:30  INFO 9048 --- [SCM] [http-nio-8081-exec-10] c.project.scm.controller.RootController  : User profile request received abc
2024-11-06T20:15:22.790+05:30  INFO 9048 --- [SCM] [http-nio-8081-exec-10] c.project.scm.controller.RootController  : User profile request received abc@abc.com
2024-11-06T20:15:22.797+05:30 DEBUG 9048 --- [SCM] [http-nio-8081-exec-5] w.c.HttpSessionSecurityContextRepository : Retrieved SecurityContextImpl [Authentication=UsernamePasswordAuthenticationToken [Principal=com.project.scm.models.User@2cc358e, Credentials=[PROTECTED], Authenticated=true, Details=WebAuthenticationDetails [RemoteIpAddress=0:0:0:0:0:0:0:1, SessionId=D07DCECE583490662545FCA928711AE1], Granted Authorities=[ROLE_USER]]]
2024-11-06T20:16:21.828+05:30  INFO 9048 --- [SCM] [SpringApplicationShutdownHook] j.LocalContainerEntityManagerFactoryBean : Closing JPA EntityManagerFactory for persistence unit 'default'
2024-11-06T20:16:21.829+05:30  INFO 9048 --- [SCM] [SpringApplicationShutdownHook] com.zaxxer.hikari.HikariDataSource       : HikariPool-3 - Shutdown initiated...
2024-11-06T20:16:21.841+05:30  INFO 9048 --- [SCM] [SpringApplicationShutdownHook] com.zaxxer.hikari.HikariDataSource       : HikariPool-3 - Shutdown completed.
